#
# There is insufficient memory for the Java Runtime Environment to continue.
# Native memory allocation (mmap) failed to map 67108864 bytes for Failed to commit area from 0x00000006d7000000 to 0x00000006db000000 of length 67108864.
# Possible reasons:
#   The system is out of physical RAM or swap space
#   The process is running with CompressedOops enabled, and the Java Heap may be blocking the growth of the native heap
# Possible solutions:
#   Reduce memory load on the system
#   Increase physical memory or swap space
#   Check if swap backing store is full
#   Decrease Java heap size (-Xmx/-Xms)
#   Decrease number of Java threads
#   Decrease Java thread stack sizes (-Xss)
#   Set larger code cache with -XX:ReservedCodeCacheSize=
#   JVM is running with Zero Based Compressed Oops mode in which the Java heap is
#     placed in the first 32GB address space. The Java Heap base address is the
#     maximum limit for the native heap growth. Please use -XX:HeapBaseMinAddress
#     to set the Java Heap base and to place the Java Heap above 32GB virtual address.
# This output file may be truncated or incomplete.
#
#  Out of Memory Error (./src/hotspot/os/windows/os_windows.cpp:3386), pid=10724, tid=8108
#
# JRE version: OpenJDK Runtime Environment Corretto-11.0.17.8.1 (11.0.17+8) (build 11.0.17+8-LTS)
# Java VM: OpenJDK 64-Bit Server VM Corretto-11.0.17.8.1 (11.0.17+8-LTS, mixed mode, tiered, compressed oops, g1 gc, windows-amd64)
# No core dump will be written. Minidumps are not enabled by default on client versions of Windows
#

---------------  S U M M A R Y ------------

Command Line: C:\Users\DHINES~1\AppData\Local\Temp\surefire16915687458684494738\surefirebooter2589562735691760834.jar C:\Users\Dhinesh Kannan\AppData\Local\Temp\surefire16915687458684494738 2023-10-26T19-59-32_433-jvmRun1 surefire2026138747817968858tmp surefire_014011089007890167788tmp

Host: Intel(R) Core(TM) i5-1035G1 CPU @ 1.00GHz, 8 cores, 19G,  Windows 11 , 64 bit Build 22621 (10.0.22621.1635)
Time: Thu Oct 26 19:59:37 2023 India Standard Time elapsed time: 4.928310 seconds (0d 0h 0m 4s)

---------------  T H R E A D  ---------------

Current thread (0x0000027fd52fe800):  VMThread "VM Thread" [stack: 0x0000008e98b00000,0x0000008e98c00000] [id=8108]

Stack: [0x0000008e98b00000,0x0000008e98c00000]
[error occurred during error reporting (printing stack bounds), id 0xc0000005, EXCEPTION_ACCESS_VIOLATION (0xc0000005) at pc=0x0000027fb6ef12e7]

Native frames: (J=compiled Java code, j=interpreted, Vv=VM code, C=native code)
V  [jvm.dll+0x61f66a]
V  [jvm.dll+0x7ac889]
V  [jvm.dll+0x7adf78]
V  [jvm.dll+0x7ae5b5]
V  [jvm.dll+0x7ae56b]
V  [jvm.dll+0x61e9f7]
V  [jvm.dll+0x61f108]
C  [ntdll.dll+0xa3cff]
C  [ntdll.dll+0x1e456]
C  [ntdll.dll+0xa2cee]
C  0x0000027fb6ef12e7

VM_Operation (0x0000008e985fa430): CollectForMetadataAllocation, mode: safepoint, requested by thread 0x0000027fae776800


---------------  P R O C E S S  ---------------

Threads class SMR info:
_java_thread_list=0x0000027fe0a4d620, length=14, elements={
0x0000027fae776800, 0x0000027fd5334000, 0x0000027fd532e000, 0x0000027fd5393800,
0x0000027fd5395000, 0x0000027fd5396000, 0x0000027fd5397000, 0x0000027fd5341800,
0x0000027fd5342800, 0x0000027fd5504800, 0x0000027fd55f1800, 0x0000027fd551b000,
0x0000027fd57ec000, 0x0000027fd5519800
}

Java Threads: ( => current thread )
  0x0000027fae776800 JavaThread "main" [_thread_blocked, id=21832, stack(0x0000008e98500000,0x0000008e98600000)]
  0x0000027fd5334000 JavaThread "Reference Handler" daemon [_thread_blocked, id=18920, stack(0x0000008e98c00000,0x0000008e98d00000)]
  0x0000027fd532e000 JavaThread "Finalizer" daemon [_thread_blocked, id=23832, stack(0x0000008e98d00000,0x0000008e98e00000)]
  0x0000027fd5393800 JavaThread "Signal Dispatcher" daemon [_thread_blocked, id=13808, stack(0x0000008e98e00000,0x0000008e98f00000)]
  0x0000027fd5395000 JavaThread "Attach Listener" daemon [_thread_blocked, id=14972, stack(0x0000008e98f00000,0x0000008e99000000)]
  0x0000027fd5396000 JavaThread "Service Thread" daemon [_thread_blocked, id=23980, stack(0x0000008e99000000,0x0000008e99100000)]
  0x0000027fd5397000 JavaThread "C2 CompilerThread0" daemon [_thread_blocked, id=22376, stack(0x0000008e99100000,0x0000008e99200000)]
  0x0000027fd5341800 JavaThread "C1 CompilerThread0" daemon [_thread_blocked, id=12064, stack(0x0000008e99200000,0x0000008e99300000)]
  0x0000027fd5342800 JavaThread "Sweeper thread" daemon [_thread_blocked, id=24164, stack(0x0000008e99300000,0x0000008e99400000)]
  0x0000027fd5504800 JavaThread "Common-Cleaner" daemon [_thread_blocked, id=18032, stack(0x0000008e99500000,0x0000008e99600000)]
  0x0000027fd55f1800 JavaThread "surefire-forkedjvm-command-thread" daemon [_thread_in_native, id=10700, stack(0x0000008e99600000,0x0000008e99700000)]
  0x0000027fd551b000 JavaThread "surefire-forkedjvm-ping-30s" daemon [_thread_blocked, id=25640, stack(0x0000008e99700000,0x0000008e99800000)]
  0x0000027fd57ec000 JavaThread "C2 CompilerThread1" daemon [_thread_blocked, id=25948, stack(0x0000008e99800000,0x0000008e99900000)]
  0x0000027fd5519800 JavaThread "C2 CompilerThread2" daemon [_thread_blocked, id=21236, stack(0x0000008e99900000,0x0000008e99a00000)]

Other Threads:
=>0x0000027fd52fe800 VMThread "VM Thread" [stack: 0x0000008e98b00000,0x0000008e98c00000] [id=8108]
  0x0000027fd5504000 WatcherThread [stack: 0x0000008e99400000,0x0000008e99500000] [id=26568]
  0x0000027fae78e000 GCTaskThread "GC Thread#0" [stack: 0x0000008e98600000,0x0000008e98700000] [id=24000]
  0x0000027fd6969000 GCTaskThread "GC Thread#1" [stack: 0x0000008e99a00000,0x0000008e99b00000] [id=7032]
  0x0000027fd618e800 GCTaskThread "GC Thread#2" [stack: 0x0000008e99b00000,0x0000008e99c00000] [id=20580]
  0x0000027fd618f000 GCTaskThread "GC Thread#3" [stack: 0x0000008e99c00000,0x0000008e99d00000] [id=2800]
  0x0000027fd5f3d800 GCTaskThread "GC Thread#4" [stack: 0x0000008e99d00000,0x0000008e99e00000] [id=17688]
  0x0000027fd5f3e800 GCTaskThread "GC Thread#5" [stack: 0x0000008e99e00000,0x0000008e99f00000] [id=7012]
  0x0000027fd64b2000 GCTaskThread "GC Thread#6" [stack: 0x0000008e99f00000,0x0000008e9a000000] [id=24996]
  0x0000027fae801000 ConcurrentGCThread "G1 Main Marker" [stack: 0x0000008e98700000,0x0000008e98800000] [id=18360]
  0x0000027fae803000 ConcurrentGCThread "G1 Conc#0" [stack: 0x0000008e98800000,0x0000008e98900000] [id=21944]
  0x0000027fd6f1a800 ConcurrentGCThread "G1 Conc#1" [stack: 0x0000008e9a100000,0x0000008e9a200000] [id=22728]
  0x0000027fd495e000 ConcurrentGCThread "G1 Refine#0" [stack: 0x0000008e98900000,0x0000008e98a00000] [id=668]
  0x0000027fd4961800 ConcurrentGCThread "G1 Young RemSet Sampling" [stack: 0x0000008e98a00000,0x0000008e98b00000] [id=15280]

Threads with active compile tasks:
C2 CompilerThread0     4948 3411   !   4       org.springframework.core.type.classreading.CachingMetadataReaderFactory::getMetadataReader (115 bytes)
C2 CompilerThread1     4948 3401   !   4       jdk.internal.loader.BuiltinClassLoader::findResource (154 bytes)
C2 CompilerThread2     4948 3403       4       org.springframework.context.annotation.ClassPathScanningCandidateComponentProvider::isCandidateComponent (102 bytes)

VM state:at safepoint (normal execution)

VM Mutex/Monitor currently owned by a thread:  ([mutex/lock_event])
[0x0000027fae773300] Threads_lock - owner thread: 0x0000027fd52fe800
[0x0000027fae773c00] Heap_lock - owner thread: 0x0000027fae776800

Heap address: 0x00000006c3200000, size: 5070 MB, Compressed Oops mode: Zero based, Oop shift amount: 3
Narrow klass base: 0x0000000800000000, Narrow klass shift: 0
Compressed class space size: 1073741824 Address: 0x0000000800000000

Heap:
 garbage-first heap   total 391168K, used 18577K [0x00000006c3200000, 0x0000000800000000)
  region size 1024K, 11 young (11264K), 11 survivors (11264K)
 Metaspace       used 34771K, capacity 35766K, committed 35840K, reserved 1081344K
  class space    used 4106K, capacity 4547K, committed 4608K, reserved 1048576K
Heap Regions: E=young(eden), S=young(survivor), O=old, HS=humongous(starts), HC=humongous(continues), CS=collection set, F=free, A=archive, TAMS=top-at-mark-start (previous, next)
|   0|0x00000006c3200000, 0x00000006c3300000, 0x00000006c3300000|100%|HS|  |TAMS 0x00000006c3300000, 0x00000006c3300000| Complete 
|   1|0x00000006c3300000, 0x00000006c3400000, 0x00000006c3400000|100%| O|  |TAMS 0x00000006c3400000, 0x00000006c3400000| Untracked 
|   2|0x00000006c3400000, 0x00000006c3500000, 0x00000006c3500000|100%| O|  |TAMS 0x00000006c3500000, 0x00000006c3500000| Untracked 
|   3|0x00000006c3500000, 0x00000006c3600000, 0x00000006c3600000|100%| O|  |TAMS 0x00000006c3600000, 0x00000006c3600000| Untracked 
|   4|0x00000006c3600000, 0x00000006c3700000, 0x00000006c3700000|100%| O|  |TAMS 0x00000006c3664800, 0x00000006c3700000| Untracked 
|   5|0x00000006c3700000, 0x00000006c3800000, 0x00000006c3800000|100%| O|  |TAMS 0x00000006c3700000, 0x00000006c3800000| Untracked 
|   6|0x00000006c3800000, 0x00000006c3900000, 0x00000006c3900000|100%| O|  |TAMS 0x00000006c3800000, 0x00000006c3900000| Untracked 
|   7|0x00000006c3900000, 0x00000006c396ea00, 0x00000006c3a00000| 43%| O|  |TAMS 0x00000006c3900000, 0x00000006c396ea00| Untracked 
|   8|0x00000006c3a00000, 0x00000006c3a00000, 0x00000006c3b00000|  0%| F|  |TAMS 0x00000006c3a00000, 0x00000006c3a00000| Untracked 
|   9|0x00000006c3b00000, 0x00000006c3b00000, 0x00000006c3c00000|  0%| F|  |TAMS 0x00000006c3b00000, 0x00000006c3b00000| Untracked 
|  10|0x00000006c3c00000, 0x00000006c3c00000, 0x00000006c3d00000|  0%| F|  |TAMS 0x00000006c3c00000, 0x00000006c3c00000| Untracked 
|  11|0x00000006c3d00000, 0x00000006c3d00000, 0x00000006c3e00000|  0%| F|  |TAMS 0x00000006c3d00000, 0x00000006c3d00000| Untracked 
|  12|0x00000006c3e00000, 0x00000006c3e00000, 0x00000006c3f00000|  0%| F|  |TAMS 0x00000006c3e00000, 0x00000006c3e00000| Untracked 
|  13|0x00000006c3f00000, 0x00000006c3f00000, 0x00000006c4000000|  0%| F|  |TAMS 0x00000006c3f00000, 0x00000006c3f00000| Untracked 
|  14|0x00000006c4000000, 0x00000006c4000000, 0x00000006c4100000|  0%| F|  |TAMS 0x00000006c4000000, 0x00000006c4000000| Untracked 
|  15|0x00000006c4100000, 0x00000006c4100000, 0x00000006c4200000|  0%| F|  |TAMS 0x00000006c4100000, 0x00000006c4100000| Untracked 
|  16|0x00000006c4200000, 0x00000006c4200000, 0x00000006c4300000|  0%| F|  |TAMS 0x00000006c4200000, 0x00000006c4200000| Untracked 
|  17|0x00000006c4300000, 0x00000006c4300000, 0x00000006c4400000|  0%| F|  |TAMS 0x00000006c4300000, 0x00000006c4300000| Untracked 
|  18|0x00000006c4400000, 0x00000006c4400000, 0x00000006c4500000|  0%| F|  |TAMS 0x00000006c4400000, 0x00000006c4400000| Untracked 
|  19|0x00000006c4500000, 0x00000006c4500000, 0x00000006c4600000|  0%| F|  |TAMS 0x00000006c4500000, 0x00000006c4500000| Untracked 
|  20|0x00000006c4600000, 0x00000006c4600000, 0x00000006c4700000|  0%| F|  |TAMS 0x00000006c4600000, 0x00000006c4600000| Untracked 
|  21|0x00000006c4700000, 0x00000006c4700000, 0x00000006c4800000|  0%| F|  |TAMS 0x00000006c4700000, 0x00000006c4700000| Untracked 
|  22|0x00000006c4800000, 0x00000006c4800000, 0x00000006c4900000|  0%| F|  |TAMS 0x00000006c4800000, 0x00000006c4800000| Untracked 
|  23|0x00000006c4900000, 0x00000006c4900000, 0x00000006c4a00000|  0%| F|  |TAMS 0x00000006c4900000, 0x00000006c4900000| Untracked 
|  24|0x00000006c4a00000, 0x00000006c4a00000, 0x00000006c4b00000|  0%| F|  |TAMS 0x00000006c4a00000, 0x00000006c4a00000| Untracked 
|  25|0x00000006c4b00000, 0x00000006c4b00000, 0x00000006c4c00000|  0%| F|  |TAMS 0x00000006c4b00000, 0x00000006c4b00000| Untracked 
|  26|0x00000006c4c00000, 0x00000006c4c00000, 0x00000006c4d00000|  0%| F|  |TAMS 0x00000006c4c00000, 0x00000006c4c00000| Untracked 
|  27|0x00000006c4d00000, 0x00000006c4d00000, 0x00000006c4e00000|  0%| F|  |TAMS 0x00000006c4d00000, 0x00000006c4d00000| Untracked 
|  28|0x00000006c4e00000, 0x00000006c4e00000, 0x00000006c4f00000|  0%| F|  |TAMS 0x00000006c4e00000, 0x00000006c4e00000| Untracked 
|  29|0x00000006c4f00000, 0x00000006c4f00000, 0x00000006c5000000|  0%| F|  |TAMS 0x00000006c4f00000, 0x00000006c4f00000| Untracked 
|  30|0x00000006c5000000, 0x00000006c5000000, 0x00000006c5100000|  0%| F|  |TAMS 0x00000006c5000000, 0x00000006c5000000| Untracked 
|  31|0x00000006c5100000, 0x00000006c5100000, 0x00000006c5200000|  0%| F|  |TAMS 0x00000006c5100000, 0x00000006c5100000| Untracked 
|  32|0x00000006c5200000, 0x00000006c5200000, 0x00000006c5300000|  0%| F|  |TAMS 0x00000006c5200000, 0x00000006c5200000| Untracked 
|  33|0x00000006c5300000, 0x00000006c5300000, 0x00000006c5400000|  0%| F|  |TAMS 0x00000006c5300000, 0x00000006c5300000| Untracked 
|  34|0x00000006c5400000, 0x00000006c5400000, 0x00000006c5500000|  0%| F|  |TAMS 0x00000006c5400000, 0x00000006c5400000| Untracked 
|  35|0x00000006c5500000, 0x00000006c5500000, 0x00000006c5600000|  0%| F|  |TAMS 0x00000006c5500000, 0x00000006c5500000| Untracked 
|  36|0x00000006c5600000, 0x00000006c5600000, 0x00000006c5700000|  0%| F|  |TAMS 0x00000006c5600000, 0x00000006c5600000| Untracked 
|  37|0x00000006c5700000, 0x00000006c5700000, 0x00000006c5800000|  0%| F|  |TAMS 0x00000006c5700000, 0x00000006c5700000| Untracked 
|  38|0x00000006c5800000, 0x00000006c5800000, 0x00000006c5900000|  0%| F|  |TAMS 0x00000006c5800000, 0x00000006c5800000| Untracked 
|  39|0x00000006c5900000, 0x00000006c5900000, 0x00000006c5a00000|  0%| F|  |TAMS 0x00000006c5900000, 0x00000006c5900000| Untracked 
|  40|0x00000006c5a00000, 0x00000006c5a00000, 0x00000006c5b00000|  0%| F|  |TAMS 0x00000006c5a00000, 0x00000006c5a00000| Untracked 
|  41|0x00000006c5b00000, 0x00000006c5b00000, 0x00000006c5c00000|  0%| F|  |TAMS 0x00000006c5b00000, 0x00000006c5b00000| Untracked 
|  42|0x00000006c5c00000, 0x00000006c5c00000, 0x00000006c5d00000|  0%| F|  |TAMS 0x00000006c5c00000, 0x00000006c5c00000| Untracked 
|  43|0x00000006c5d00000, 0x00000006c5d00000, 0x00000006c5e00000|  0%| F|  |TAMS 0x00000006c5d00000, 0x00000006c5d00000| Untracked 
|  44|0x00000006c5e00000, 0x00000006c5e00000, 0x00000006c5f00000|  0%| F|  |TAMS 0x00000006c5e00000, 0x00000006c5e00000| Untracked 
|  45|0x00000006c5f00000, 0x00000006c5f00000, 0x00000006c6000000|  0%| F|  |TAMS 0x00000006c5f00000, 0x00000006c5f00000| Untracked 
|  46|0x00000006c6000000, 0x00000006c6000000, 0x00000006c6100000|  0%| F|  |TAMS 0x00000006c6000000, 0x00000006c6000000| Untracked 
|  47|0x00000006c6100000, 0x00000006c6100000, 0x00000006c6200000|  0%| F|  |TAMS 0x00000006c6100000, 0x00000006c6100000| Untracked 
|  48|0x00000006c6200000, 0x00000006c6200000, 0x00000006c6300000|  0%| F|  |TAMS 0x00000006c6200000, 0x00000006c6200000| Untracked 
|  49|0x00000006c6300000, 0x00000006c6300000, 0x00000006c6400000|  0%| F|  |TAMS 0x00000006c6300000, 0x00000006c6300000| Untracked 
|  50|0x00000006c6400000, 0x00000006c6400000, 0x00000006c6500000|  0%| F|  |TAMS 0x00000006c6400000, 0x00000006c6400000| Untracked 
|  51|0x00000006c6500000, 0x00000006c6500000, 0x00000006c6600000|  0%| F|  |TAMS 0x00000006c6500000, 0x00000006c6500000| Untracked 
|  52|0x00000006c6600000, 0x00000006c6600000, 0x00000006c6700000|  0%| F|  |TAMS 0x00000006c6600000, 0x00000006c6600000| Untracked 
|  53|0x00000006c6700000, 0x00000006c6700000, 0x00000006c6800000|  0%| F|  |TAMS 0x00000006c6700000, 0x00000006c6700000| Untracked 
|  54|0x00000006c6800000, 0x00000006c6800000, 0x00000006c6900000|  0%| F|  |TAMS 0x00000006c6800000, 0x00000006c6800000| Untracked 
|  55|0x00000006c6900000, 0x00000006c6900000, 0x00000006c6a00000|  0%| F|  |TAMS 0x00000006c6900000, 0x00000006c6900000| Untracked 
|  56|0x00000006c6a00000, 0x00000006c6a00000, 0x00000006c6b00000|  0%| F|  |TAMS 0x00000006c6a00000, 0x00000006c6a00000| Untracked 
|  57|0x00000006c6b00000, 0x00000006c6b00000, 0x00000006c6c00000|  0%| F|  |TAMS 0x00000006c6b00000, 0x00000006c6b00000| Untracked 
|  58|0x00000006c6c00000, 0x00000006c6c00000, 0x00000006c6d00000|  0%| F|  |TAMS 0x00000006c6c00000, 0x00000006c6c00000| Untracked 
|  59|0x00000006c6d00000, 0x00000006c6d00000, 0x00000006c6e00000|  0%| F|  |TAMS 0x00000006c6d00000, 0x00000006c6d00000| Untracked 
|  60|0x00000006c6e00000, 0x00000006c6e00000, 0x00000006c6f00000|  0%| F|  |TAMS 0x00000006c6e00000, 0x00000006c6e00000| Untracked 
|  61|0x00000006c6f00000, 0x00000006c6f00000, 0x00000006c7000000|  0%| F|  |TAMS 0x00000006c6f00000, 0x00000006c6f00000| Untracked 
|  62|0x00000006c7000000, 0x00000006c7000000, 0x00000006c7100000|  0%| F|  |TAMS 0x00000006c7000000, 0x00000006c7000000| Untracked 
|  63|0x00000006c7100000, 0x00000006c7100000, 0x00000006c7200000|  0%| F|  |TAMS 0x00000006c7100000, 0x00000006c7100000| Untracked 
|  64|0x00000006c7200000, 0x00000006c7200000, 0x00000006c7300000|  0%| F|  |TAMS 0x00000006c7200000, 0x00000006c7200000| Untracked 
|  65|0x00000006c7300000, 0x00000006c7300000, 0x00000006c7400000|  0%| F|  |TAMS 0x00000006c7300000, 0x00000006c7300000| Untracked 
|  66|0x00000006c7400000, 0x00000006c7400000, 0x00000006c7500000|  0%| F|  |TAMS 0x00000006c7400000, 0x00000006c7400000| Untracked 
|  67|0x00000006c7500000, 0x00000006c7500000, 0x00000006c7600000|  0%| F|  |TAMS 0x00000006c7500000, 0x00000006c7500000| Untracked 
|  68|0x00000006c7600000, 0x00000006c7600000, 0x00000006c7700000|  0%| F|  |TAMS 0x00000006c7600000, 0x00000006c7600000| Untracked 
|  69|0x00000006c7700000, 0x00000006c7700000, 0x00000006c7800000|  0%| F|  |TAMS 0x00000006c7700000, 0x00000006c7700000| Untracked 
|  70|0x00000006c7800000, 0x00000006c7800000, 0x00000006c7900000|  0%| F|  |TAMS 0x00000006c7800000, 0x00000006c7800000| Untracked 
|  71|0x00000006c7900000, 0x00000006c7900000, 0x00000006c7a00000|  0%| F|  |TAMS 0x00000006c7900000, 0x00000006c7900000| Untracked 
|  72|0x00000006c7a00000, 0x00000006c7a00000, 0x00000006c7b00000|  0%| F|  |TAMS 0x00000006c7a00000, 0x00000006c7a00000| Untracked 
|  73|0x00000006c7b00000, 0x00000006c7b00000, 0x00000006c7c00000|  0%| F|  |TAMS 0x00000006c7b00000, 0x00000006c7b00000| Untracked 
|  74|0x00000006c7c00000, 0x00000006c7c00000, 0x00000006c7d00000|  0%| F|  |TAMS 0x00000006c7c00000, 0x00000006c7c00000| Untracked 
|  75|0x00000006c7d00000, 0x00000006c7d00000, 0x00000006c7e00000|  0%| F|  |TAMS 0x00000006c7d00000, 0x00000006c7d00000| Untracked 
|  76|0x00000006c7e00000, 0x00000006c7e00000, 0x00000006c7f00000|  0%| F|  |TAMS 0x00000006c7e00000, 0x00000006c7e00000| Untracked 
|  77|0x00000006c7f00000, 0x00000006c7f00000, 0x00000006c8000000|  0%| F|  |TAMS 0x00000006c7f00000, 0x00000006c7f00000| Untracked 
|  78|0x00000006c8000000, 0x00000006c8000000, 0x00000006c8100000|  0%| F|  |TAMS 0x00000006c8000000, 0x00000006c8000000| Untracked 
|  79|0x00000006c8100000, 0x00000006c8100000, 0x00000006c8200000|  0%| F|  |TAMS 0x00000006c8100000, 0x00000006c8100000| Untracked 
|  80|0x00000006c8200000, 0x00000006c8200000, 0x00000006c8300000|  0%| F|  |TAMS 0x00000006c8200000, 0x00000006c8200000| Untracked 
|  81|0x00000006c8300000, 0x00000006c8300000, 0x00000006c8400000|  0%| F|  |TAMS 0x00000006c8300000, 0x00000006c8300000| Untracked 
|  82|0x00000006c8400000, 0x00000006c8400000, 0x00000006c8500000|  0%| F|  |TAMS 0x00000006c8400000, 0x00000006c8400000| Untracked 
|  83|0x00000006c8500000, 0x00000006c8500000, 0x00000006c8600000|  0%| F|  |TAMS 0x00000006c8500000, 0x00000006c8500000| Untracked 
|  84|0x00000006c8600000, 0x00000006c8600000, 0x00000006c8700000|  0%| F|  |TAMS 0x00000006c8600000, 0x00000006c8600000| Untracked 
|  85|0x00000006c8700000, 0x00000006c8700000, 0x00000006c8800000|  0%| F|  |TAMS 0x00000006c8700000, 0x00000006c8700000| Untracked 
|  86|0x00000006c8800000, 0x00000006c8800000, 0x00000006c8900000|  0%| F|  |TAMS 0x00000006c8800000, 0x00000006c8800000| Untracked 
|  87|0x00000006c8900000, 0x00000006c8900000, 0x00000006c8a00000|  0%| F|  |TAMS 0x00000006c8900000, 0x00000006c8900000| Untracked 
|  88|0x00000006c8a00000, 0x00000006c8a00000, 0x00000006c8b00000|  0%| F|  |TAMS 0x00000006c8a00000, 0x00000006c8a00000| Untracked 
|  89|0x00000006c8b00000, 0x00000006c8b00000, 0x00000006c8c00000|  0%| F|  |TAMS 0x00000006c8b00000, 0x00000006c8b00000| Untracked 
|  90|0x00000006c8c00000, 0x00000006c8c00000, 0x00000006c8d00000|  0%| F|  |TAMS 0x00000006c8c00000, 0x00000006c8c00000| Untracked 
|  91|0x00000006c8d00000, 0x00000006c8d00000, 0x00000006c8e00000|  0%| F|  |TAMS 0x00000006c8d00000, 0x00000006c8d00000| Untracked 
|  92|0x00000006c8e00000, 0x00000006c8e00000, 0x00000006c8f00000|  0%| F|  |TAMS 0x00000006c8e00000, 0x00000006c8e00000| Untracked 
|  93|0x00000006c8f00000, 0x00000006c8f00000, 0x00000006c9000000|  0%| F|  |TAMS 0x00000006c8f00000, 0x00000006c8f00000| Untracked 
|  94|0x00000006c9000000, 0x00000006c9000000, 0x00000006c9100000|  0%| F|  |TAMS 0x00000006c9000000, 0x00000006c9000000| Untracked 
|  95|0x00000006c9100000, 0x00000006c9100000, 0x00000006c9200000|  0%| F|  |TAMS 0x00000006c9100000, 0x00000006c9100000| Untracked 
|  96|0x00000006c9200000, 0x00000006c9200000, 0x00000006c9300000|  0%| F|  |TAMS 0x00000006c9200000, 0x00000006c9200000| Untracked 
|  97|0x00000006c9300000, 0x00000006c9300000, 0x00000006c9400000|  0%| F|  |TAMS 0x00000006c9300000, 0x00000006c9300000| Untracked 
|  98|0x00000006c9400000, 0x00000006c9400000, 0x00000006c9500000|  0%| F|  |TAMS 0x00000006c9400000, 0x00000006c9400000| Untracked 
|  99|0x00000006c9500000, 0x00000006c9500000, 0x00000006c9600000|  0%| F|  |TAMS 0x00000006c9500000, 0x00000006c9500000| Untracked 
| 100|0x00000006c9600000, 0x00000006c9600000, 0x00000006c9700000|  0%| F|  |TAMS 0x00000006c9600000, 0x00000006c9600000| Untracked 
| 101|0x00000006c9700000, 0x00000006c9700000, 0x00000006c9800000|  0%| F|  |TAMS 0x00000006c9700000, 0x00000006c9700000| Untracked 
| 102|0x00000006c9800000, 0x00000006c9800000, 0x00000006c9900000|  0%| F|  |TAMS 0x00000006c9800000, 0x00000006c9800000| Untracked 
| 103|0x00000006c9900000, 0x00000006c9900000, 0x00000006c9a00000|  0%| F|  |TAMS 0x00000006c9900000, 0x00000006c9900000| Untracked 
| 104|0x00000006c9a00000, 0x00000006c9a00000, 0x00000006c9b00000|  0%| F|  |TAMS 0x00000006c9a00000, 0x00000006c9a00000| Untracked 
| 105|0x00000006c9b00000, 0x00000006c9b00000, 0x00000006c9c00000|  0%| F|  |TAMS 0x00000006c9b00000, 0x00000006c9b00000| Untracked 
| 106|0x00000006c9c00000, 0x00000006c9c00000, 0x00000006c9d00000|  0%| F|  |TAMS 0x00000006c9c00000, 0x00000006c9c00000| Untracked 
| 107|0x00000006c9d00000, 0x00000006c9d00000, 0x00000006c9e00000|  0%| F|  |TAMS 0x00000006c9d00000, 0x00000006c9d00000| Untracked 
| 108|0x00000006c9e00000, 0x00000006c9e00000, 0x00000006c9f00000|  0%| F|  |TAMS 0x00000006c9e00000, 0x00000006c9e00000| Untracked 
| 109|0x00000006c9f00000, 0x00000006c9f00000, 0x00000006ca000000|  0%| F|  |TAMS 0x00000006c9f00000, 0x00000006c9f00000| Untracked 
| 110|0x00000006ca000000, 0x00000006ca000000, 0x00000006ca100000|  0%| F|  |TAMS 0x00000006ca000000, 0x00000006ca000000| Untracked 
| 111|0x00000006ca100000, 0x00000006ca100000, 0x00000006ca200000|  0%| F|  |TAMS 0x00000006ca100000, 0x00000006ca100000| Untracked 
| 112|0x00000006ca200000, 0x00000006ca200000, 0x00000006ca300000|  0%| F|  |TAMS 0x00000006ca200000, 0x00000006ca200000| Untracked 
| 113|0x00000006ca300000, 0x00000006ca300000, 0x00000006ca400000|  0%| F|  |TAMS 0x00000006ca300000, 0x00000006ca300000| Untracked 
| 114|0x00000006ca400000, 0x00000006ca400000, 0x00000006ca500000|  0%| F|  |TAMS 0x00000006ca400000, 0x00000006ca400000| Untracked 
| 115|0x00000006ca500000, 0x00000006ca500000, 0x00000006ca600000|  0%| F|  |TAMS 0x00000006ca500000, 0x00000006ca500000| Untracked 
| 116|0x00000006ca600000, 0x00000006ca600000, 0x00000006ca700000|  0%| F|  |TAMS 0x00000006ca600000, 0x00000006ca600000| Untracked 
| 117|0x00000006ca700000, 0x00000006ca700000, 0x00000006ca800000|  0%| F|  |TAMS 0x00000006ca700000, 0x00000006ca700000| Untracked 
| 118|0x00000006ca800000, 0x00000006ca800000, 0x00000006ca900000|  0%| F|  |TAMS 0x00000006ca800000, 0x00000006ca800000| Untracked 
| 119|0x00000006ca900000, 0x00000006ca900000, 0x00000006caa00000|  0%| F|  |TAMS 0x00000006ca900000, 0x00000006ca900000| Untracked 
| 120|0x00000006caa00000, 0x00000006caa00000, 0x00000006cab00000|  0%| F|  |TAMS 0x00000006caa00000, 0x00000006caa00000| Untracked 
| 121|0x00000006cab00000, 0x00000006cab00000, 0x00000006cac00000|  0%| F|  |TAMS 0x00000006cab00000, 0x00000006cab00000| Untracked 
| 122|0x00000006cac00000, 0x00000006cac00000, 0x00000006cad00000|  0%| F|  |TAMS 0x00000006cac00000, 0x00000006cac00000| Untracked 
| 123|0x00000006cad00000, 0x00000006cad00000, 0x00000006cae00000|  0%| F|  |TAMS 0x00000006cad00000, 0x00000006cad00000| Untracked 
| 124|0x00000006cae00000, 0x00000006cae00000, 0x00000006caf00000|  0%| F|  |TAMS 0x00000006cae00000, 0x00000006cae00000| Untracked 
| 125|0x00000006caf00000, 0x00000006caf00000, 0x00000006cb000000|  0%| F|  |TAMS 0x00000006caf00000, 0x00000006caf00000| Untracked 
| 126|0x00000006cb000000, 0x00000006cb000000, 0x00000006cb100000|  0%| F|  |TAMS 0x00000006cb000000, 0x00000006cb000000| Untracked 
| 127|0x00000006cb100000, 0x00000006cb100000, 0x00000006cb200000|  0%| F|  |TAMS 0x00000006cb100000, 0x00000006cb100000| Untracked 
| 128|0x00000006cb200000, 0x00000006cb200000, 0x00000006cb300000|  0%| F|  |TAMS 0x00000006cb200000, 0x00000006cb200000| Untracked 
| 129|0x00000006cb300000, 0x00000006cb300000, 0x00000006cb400000|  0%| F|  |TAMS 0x00000006cb300000, 0x00000006cb300000| Untracked 
| 130|0x00000006cb400000, 0x00000006cb400000, 0x00000006cb500000|  0%| F|  |TAMS 0x00000006cb400000, 0x00000006cb400000| Untracked 
| 131|0x00000006cb500000, 0x00000006cb500000, 0x00000006cb600000|  0%| F|  |TAMS 0x00000006cb500000, 0x00000006cb500000| Untracked 
| 132|0x00000006cb600000, 0x00000006cb600000, 0x00000006cb700000|  0%| F|  |TAMS 0x00000006cb600000, 0x00000006cb600000| Untracked 
| 133|0x00000006cb700000, 0x00000006cb700000, 0x00000006cb800000|  0%| F|  |TAMS 0x00000006cb700000, 0x00000006cb700000| Untracked 
| 134|0x00000006cb800000, 0x00000006cb800000, 0x00000006cb900000|  0%| F|  |TAMS 0x00000006cb800000, 0x00000006cb800000| Untracked 
| 135|0x00000006cb900000, 0x00000006cb900000, 0x00000006cba00000|  0%| F|  |TAMS 0x00000006cb900000, 0x00000006cb900000| Untracked 
| 136|0x00000006cba00000, 0x00000006cba00000, 0x00000006cbb00000|  0%| F|  |TAMS 0x00000006cba00000, 0x00000006cba00000| Untracked 
| 137|0x00000006cbb00000, 0x00000006cbb00000, 0x00000006cbc00000|  0%| F|  |TAMS 0x00000006cbb00000, 0x00000006cbb00000| Untracked 
| 138|0x00000006cbc00000, 0x00000006cbc00000, 0x00000006cbd00000|  0%| F|  |TAMS 0x00000006cbc00000, 0x00000006cbc00000| Untracked 
| 139|0x00000006cbd00000, 0x00000006cbd00000, 0x00000006cbe00000|  0%| F|  |TAMS 0x00000006cbd00000, 0x00000006cbd00000| Untracked 
| 140|0x00000006cbe00000, 0x00000006cbe00000, 0x00000006cbf00000|  0%| F|  |TAMS 0x00000006cbe00000, 0x00000006cbe00000| Untracked 
| 141|0x00000006cbf00000, 0x00000006cbf00000, 0x00000006cc000000|  0%| F|  |TAMS 0x00000006cbf00000, 0x00000006cbf00000| Untracked 
| 142|0x00000006cc000000, 0x00000006cc000000, 0x00000006cc100000|  0%| F|  |TAMS 0x00000006cc000000, 0x00000006cc000000| Untracked 
| 143|0x00000006cc100000, 0x00000006cc100000, 0x00000006cc200000|  0%| F|  |TAMS 0x00000006cc100000, 0x00000006cc100000| Untracked 
| 144|0x00000006cc200000, 0x00000006cc200000, 0x00000006cc300000|  0%| F|  |TAMS 0x00000006cc200000, 0x00000006cc200000| Untracked 
| 145|0x00000006cc300000, 0x00000006cc300000, 0x00000006cc400000|  0%| F|  |TAMS 0x00000006cc300000, 0x00000006cc300000| Untracked 
| 146|0x00000006cc400000, 0x00000006cc400000, 0x00000006cc500000|  0%| F|  |TAMS 0x00000006cc400000, 0x00000006cc400000| Untracked 
| 147|0x00000006cc500000, 0x00000006cc500000, 0x00000006cc600000|  0%| F|  |TAMS 0x00000006cc500000, 0x00000006cc500000| Untracked 
| 148|0x00000006cc600000, 0x00000006cc600000, 0x00000006cc700000|  0%| F|  |TAMS 0x00000006cc600000, 0x00000006cc600000| Untracked 
| 149|0x00000006cc700000, 0x00000006cc7b5d70, 0x00000006cc800000| 71%| S|CS|TAMS 0x00000006cc700000, 0x00000006cc700000| Complete 
| 150|0x00000006cc800000, 0x00000006cc900000, 0x00000006cc900000|100%| S|CS|TAMS 0x00000006cc800000, 0x00000006cc800000| Complete 
| 151|0x00000006cc900000, 0x00000006cca00000, 0x00000006cca00000|100%| S|CS|TAMS 0x00000006cc900000, 0x00000006cc900000| Complete 
| 152|0x00000006cca00000, 0x00000006ccb00000, 0x00000006ccb00000|100%| S|CS|TAMS 0x00000006cca00000, 0x00000006cca00000| Complete 
| 153|0x00000006ccb00000, 0x00000006ccc00000, 0x00000006ccc00000|100%| S|CS|TAMS 0x00000006ccb00000, 0x00000006ccb00000| Complete 
| 154|0x00000006ccc00000, 0x00000006ccd00000, 0x00000006ccd00000|100%| S|CS|TAMS 0x00000006ccc00000, 0x00000006ccc00000| Complete 
| 155|0x00000006ccd00000, 0x00000006cce00000, 0x00000006cce00000|100%| S|CS|TAMS 0x00000006ccd00000, 0x00000006ccd00000| Complete 
| 156|0x00000006cce00000, 0x00000006ccf00000, 0x00000006ccf00000|100%| S|CS|TAMS 0x00000006cce00000, 0x00000006cce00000| Complete 
| 157|0x00000006ccf00000, 0x00000006cd000000, 0x00000006cd000000|100%| S|CS|TAMS 0x00000006ccf00000, 0x00000006ccf00000| Complete 
| 158|0x00000006cd000000, 0x00000006cd100000, 0x00000006cd100000|100%| S|CS|TAMS 0x00000006cd000000, 0x00000006cd000000| Complete 
| 159|0x00000006cd100000, 0x00000006cd200000, 0x00000006cd200000|100%| S|CS|TAMS 0x00000006cd100000, 0x00000006cd100000| Complete 
| 160|0x00000006cd200000, 0x00000006cd200000, 0x00000006cd300000|  0%| F|  |TAMS 0x00000006cd200000, 0x00000006cd200000| Untracked 
| 161|0x00000006cd300000, 0x00000006cd300000, 0x00000006cd400000|  0%| F|  |TAMS 0x00000006cd300000, 0x00000006cd300000| Untracked 
| 162|0x00000006cd400000, 0x00000006cd400000, 0x00000006cd500000|  0%| F|  |TAMS 0x00000006cd400000, 0x00000006cd400000| Untracked 
| 163|0x00000006cd500000, 0x00000006cd500000, 0x00000006cd600000|  0%| F|  |TAMS 0x00000006cd500000, 0x00000006cd500000| Untracked 
| 164|0x00000006cd600000, 0x00000006cd600000, 0x00000006cd700000|  0%| F|  |TAMS 0x00000006cd600000, 0x00000006cd600000| Untracked 
| 165|0x00000006cd700000, 0x00000006cd700000, 0x00000006cd800000|  0%| F|  |TAMS 0x00000006cd700000, 0x00000006cd700000| Untracked 
| 166|0x00000006cd800000, 0x00000006cd800000, 0x00000006cd900000|  0%| F|  |TAMS 0x00000006cd800000, 0x00000006cd800000| Untracked 
| 167|0x00000006cd900000, 0x00000006cd900000, 0x00000006cda00000|  0%| F|  |TAMS 0x00000006cd900000, 0x00000006cd900000| Untracked 
| 168|0x00000006cda00000, 0x00000006cda00000, 0x00000006cdb00000|  0%| F|  |TAMS 0x00000006cda00000, 0x00000006cda00000| Untracked 
| 169|0x00000006cdb00000, 0x00000006cdb00000, 0x00000006cdc00000|  0%| F|  |TAMS 0x00000006cdb00000, 0x00000006cdb00000| Untracked 
| 170|0x00000006cdc00000, 0x00000006cdc00000, 0x00000006cdd00000|  0%| F|  |TAMS 0x00000006cdc00000, 0x00000006cdc00000| Untracked 
| 171|0x00000006cdd00000, 0x00000006cdd00000, 0x00000006cde00000|  0%| F|  |TAMS 0x00000006cdd00000, 0x00000006cdd00000| Untracked 
| 172|0x00000006cde00000, 0x00000006cde00000, 0x00000006cdf00000|  0%| F|  |TAMS 0x00000006cde00000, 0x00000006cde00000| Untracked 
| 173|0x00000006cdf00000, 0x00000006cdf00000, 0x00000006ce000000|  0%| F|  |TAMS 0x00000006cdf00000, 0x00000006cdf00000| Untracked 
| 174|0x00000006ce000000, 0x00000006ce000000, 0x00000006ce100000|  0%| F|  |TAMS 0x00000006ce000000, 0x00000006ce000000| Untracked 
| 175|0x00000006ce100000, 0x00000006ce100000, 0x00000006ce200000|  0%| F|  |TAMS 0x00000006ce100000, 0x00000006ce100000| Untracked 
| 176|0x00000006ce200000, 0x00000006ce200000, 0x00000006ce300000|  0%| F|  |TAMS 0x00000006ce200000, 0x00000006ce200000| Untracked 
| 177|0x00000006ce300000, 0x00000006ce300000, 0x00000006ce400000|  0%| F|  |TAMS 0x00000006ce300000, 0x00000006ce300000| Untracked 
| 178|0x00000006ce400000, 0x00000006ce400000, 0x00000006ce500000|  0%| F|  |TAMS 0x00000006ce400000, 0x00000006ce400000| Untracked 
| 179|0x00000006ce500000, 0x00000006ce500000, 0x00000006ce600000|  0%| F|  |TAMS 0x00000006ce500000, 0x00000006ce500000| Untracked 
| 180|0x00000006ce600000, 0x00000006ce600000, 0x00000006ce700000|  0%| F|  |TAMS 0x00000006ce600000, 0x00000006ce600000| Untracked 
| 181|0x00000006ce700000, 0x00000006ce700000, 0x00000006ce800000|  0%| F|  |TAMS 0x00000006ce700000, 0x00000006ce700000| Untracked 
| 182|0x00000006ce800000, 0x00000006ce800000, 0x00000006ce900000|  0%| F|  |TAMS 0x00000006ce800000, 0x00000006ce800000| Untracked 
| 183|0x00000006ce900000, 0x00000006ce900000, 0x00000006cea00000|  0%| F|  |TAMS 0x00000006ce900000, 0x00000006ce900000| Untracked 
| 184|0x00000006cea00000, 0x00000006cea00000, 0x00000006ceb00000|  0%| F|  |TAMS 0x00000006cea00000, 0x00000006cea00000| Untracked 
| 185|0x00000006ceb00000, 0x00000006ceb00000, 0x00000006cec00000|  0%| F|  |TAMS 0x00000006ceb00000, 0x00000006ceb00000| Untracked 
| 186|0x00000006cec00000, 0x00000006cec00000, 0x00000006ced00000|  0%| F|  |TAMS 0x00000006cec00000, 0x00000006cec00000| Untracked 
| 187|0x00000006ced00000, 0x00000006ced00000, 0x00000006cee00000|  0%| F|  |TAMS 0x00000006ced00000, 0x00000006ced00000| Untracked 
| 188|0x00000006cee00000, 0x00000006cee00000, 0x00000006cef00000|  0%| F|  |TAMS 0x00000006cee00000, 0x00000006cee00000| Untracked 
| 189|0x00000006cef00000, 0x00000006cef00000, 0x00000006cf000000|  0%| F|  |TAMS 0x00000006cef00000, 0x00000006cef00000| Untracked 
| 190|0x00000006cf000000, 0x00000006cf000000, 0x00000006cf100000|  0%| F|  |TAMS 0x00000006cf000000, 0x00000006cf000000| Untracked 
| 191|0x00000006cf100000, 0x00000006cf100000, 0x00000006cf200000|  0%| F|  |TAMS 0x00000006cf100000, 0x00000006cf100000| Untracked 
| 192|0x00000006cf200000, 0x00000006cf200000, 0x00000006cf300000|  0%| F|  |TAMS 0x00000006cf200000, 0x00000006cf200000| Untracked 
| 193|0x00000006cf300000, 0x00000006cf300000, 0x00000006cf400000|  0%| F|  |TAMS 0x00000006cf300000, 0x00000006cf300000| Untracked 
| 194|0x00000006cf400000, 0x00000006cf400000, 0x00000006cf500000|  0%| F|  |TAMS 0x00000006cf400000, 0x00000006cf400000| Untracked 
| 195|0x00000006cf500000, 0x00000006cf500000, 0x00000006cf600000|  0%| F|  |TAMS 0x00000006cf500000, 0x00000006cf500000| Untracked 
| 196|0x00000006cf600000, 0x00000006cf600000, 0x00000006cf700000|  0%| F|  |TAMS 0x00000006cf600000, 0x00000006cf600000| Untracked 
| 197|0x00000006cf700000, 0x00000006cf700000, 0x00000006cf800000|  0%| F|  |TAMS 0x00000006cf700000, 0x00000006cf700000| Untracked 
| 198|0x00000006cf800000, 0x00000006cf800000, 0x00000006cf900000|  0%| F|  |TAMS 0x00000006cf800000, 0x00000006cf800000| Untracked 
| 199|0x00000006cf900000, 0x00000006cf900000, 0x00000006cfa00000|  0%| F|  |TAMS 0x00000006cf900000, 0x00000006cf900000| Untracked 
| 200|0x00000006cfa00000, 0x00000006cfa00000, 0x00000006cfb00000|  0%| F|  |TAMS 0x00000006cfa00000, 0x00000006cfa00000| Untracked 
| 201|0x00000006cfb00000, 0x00000006cfb00000, 0x00000006cfc00000|  0%| F|  |TAMS 0x00000006cfb00000, 0x00000006cfb00000| Untracked 
| 202|0x00000006cfc00000, 0x00000006cfc00000, 0x00000006cfd00000|  0%| F|  |TAMS 0x00000006cfc00000, 0x00000006cfc00000| Untracked 
| 203|0x00000006cfd00000, 0x00000006cfd00000, 0x00000006cfe00000|  0%| F|  |TAMS 0x00000006cfd00000, 0x00000006cfd00000| Untracked 
| 204|0x00000006cfe00000, 0x00000006cfe00000, 0x00000006cff00000|  0%| F|  |TAMS 0x00000006cfe00000, 0x00000006cfe00000| Untracked 
| 205|0x00000006cff00000, 0x00000006cff00000, 0x00000006d0000000|  0%| F|  |TAMS 0x00000006cff00000, 0x00000006cff00000| Untracked 
| 206|0x00000006d0000000, 0x00000006d0000000, 0x00000006d0100000|  0%| F|  |TAMS 0x00000006d0000000, 0x00000006d0000000| Untracked 
| 207|0x00000006d0100000, 0x00000006d0100000, 0x00000006d0200000|  0%| F|  |TAMS 0x00000006d0100000, 0x00000006d0100000| Untracked 
| 208|0x00000006d0200000, 0x00000006d0200000, 0x00000006d0300000|  0%| F|  |TAMS 0x00000006d0200000, 0x00000006d0200000| Untracked 
| 209|0x00000006d0300000, 0x00000006d0300000, 0x00000006d0400000|  0%| F|  |TAMS 0x00000006d0300000, 0x00000006d0300000| Untracked 
| 210|0x00000006d0400000, 0x00000006d0400000, 0x00000006d0500000|  0%| F|  |TAMS 0x00000006d0400000, 0x00000006d0400000| Untracked 
| 211|0x00000006d0500000, 0x00000006d0500000, 0x00000006d0600000|  0%| F|  |TAMS 0x00000006d0500000, 0x00000006d0500000| Untracked 
| 212|0x00000006d0600000, 0x00000006d0600000, 0x00000006d0700000|  0%| F|  |TAMS 0x00000006d0600000, 0x00000006d0600000| Untracked 
| 213|0x00000006d0700000, 0x00000006d0700000, 0x00000006d0800000|  0%| F|  |TAMS 0x00000006d0700000, 0x00000006d0700000| Untracked 
| 214|0x00000006d0800000, 0x00000006d0800000, 0x00000006d0900000|  0%| F|  |TAMS 0x00000006d0800000, 0x00000006d0800000| Untracked 
| 215|0x00000006d0900000, 0x00000006d0900000, 0x00000006d0a00000|  0%| F|  |TAMS 0x00000006d0900000, 0x00000006d0900000| Untracked 
| 216|0x00000006d0a00000, 0x00000006d0a00000, 0x00000006d0b00000|  0%| F|  |TAMS 0x00000006d0a00000, 0x00000006d0a00000| Untracked 
| 217|0x00000006d0b00000, 0x00000006d0b00000, 0x00000006d0c00000|  0%| F|  |TAMS 0x00000006d0b00000, 0x00000006d0b00000| Untracked 
| 218|0x00000006d0c00000, 0x00000006d0c00000, 0x00000006d0d00000|  0%| F|  |TAMS 0x00000006d0c00000, 0x00000006d0c00000| Untracked 
| 219|0x00000006d0d00000, 0x00000006d0d00000, 0x00000006d0e00000|  0%| F|  |TAMS 0x00000006d0d00000, 0x00000006d0d00000| Untracked 
| 220|0x00000006d0e00000, 0x00000006d0e00000, 0x00000006d0f00000|  0%| F|  |TAMS 0x00000006d0e00000, 0x00000006d0e00000| Untracked 
| 221|0x00000006d0f00000, 0x00000006d0f00000, 0x00000006d1000000|  0%| F|  |TAMS 0x00000006d0f00000, 0x00000006d0f00000| Untracked 
| 222|0x00000006d1000000, 0x00000006d1000000, 0x00000006d1100000|  0%| F|  |TAMS 0x00000006d1000000, 0x00000006d1000000| Untracked 
| 223|0x00000006d1100000, 0x00000006d1100000, 0x00000006d1200000|  0%| F|  |TAMS 0x00000006d1100000, 0x00000006d1100000| Untracked 
| 224|0x00000006d1200000, 0x00000006d1200000, 0x00000006d1300000|  0%| F|  |TAMS 0x00000006d1200000, 0x00000006d1200000| Untracked 
| 225|0x00000006d1300000, 0x00000006d1300000, 0x00000006d1400000|  0%| F|  |TAMS 0x00000006d1300000, 0x00000006d1300000| Untracked 
| 226|0x00000006d1400000, 0x00000006d1400000, 0x00000006d1500000|  0%| F|  |TAMS 0x00000006d1400000, 0x00000006d1400000| Untracked 
| 227|0x00000006d1500000, 0x00000006d1500000, 0x00000006d1600000|  0%| F|  |TAMS 0x00000006d1500000, 0x00000006d1500000| Untracked 
| 228|0x00000006d1600000, 0x00000006d1600000, 0x00000006d1700000|  0%| F|  |TAMS 0x00000006d1600000, 0x00000006d1600000| Untracked 
| 229|0x00000006d1700000, 0x00000006d1700000, 0x00000006d1800000|  0%| F|  |TAMS 0x00000006d1700000, 0x00000006d1700000| Untracked 
| 230|0x00000006d1800000, 0x00000006d1800000, 0x00000006d1900000|  0%| F|  |TAMS 0x00000006d1800000, 0x00000006d1800000| Untracked 
| 231|0x00000006d1900000, 0x00000006d1900000, 0x00000006d1a00000|  0%| F|  |TAMS 0x00000006d1900000, 0x00000006d1900000| Untracked 
| 232|0x00000006d1a00000, 0x00000006d1a00000, 0x00000006d1b00000|  0%| F|  |TAMS 0x00000006d1a00000, 0x00000006d1a00000| Untracked 
| 233|0x00000006d1b00000, 0x00000006d1b00000, 0x00000006d1c00000|  0%| F|  |TAMS 0x00000006d1b00000, 0x00000006d1b00000| Untracked 
| 234|0x00000006d1c00000, 0x00000006d1c00000, 0x00000006d1d00000|  0%| F|  |TAMS 0x00000006d1c00000, 0x00000006d1c00000| Untracked 
| 235|0x00000006d1d00000, 0x00000006d1d00000, 0x00000006d1e00000|  0%| F|  |TAMS 0x00000006d1d00000, 0x00000006d1d00000| Untracked 
| 236|0x00000006d1e00000, 0x00000006d1e00000, 0x00000006d1f00000|  0%| F|  |TAMS 0x00000006d1e00000, 0x00000006d1e00000| Untracked 
| 237|0x00000006d1f00000, 0x00000006d1f00000, 0x00000006d2000000|  0%| F|  |TAMS 0x00000006d1f00000, 0x00000006d1f00000| Untracked 
| 238|0x00000006d2000000, 0x00000006d2000000, 0x00000006d2100000|  0%| F|  |TAMS 0x00000006d2000000, 0x00000006d2000000| Untracked 
| 239|0x00000006d2100000, 0x00000006d2100000, 0x00000006d2200000|  0%| F|  |TAMS 0x00000006d2100000, 0x00000006d2100000| Untracked 
| 240|0x00000006d2200000, 0x00000006d2200000, 0x00000006d2300000|  0%| F|  |TAMS 0x00000006d2200000, 0x00000006d2200000| Untracked 
| 241|0x00000006d2300000, 0x00000006d2300000, 0x00000006d2400000|  0%| F|  |TAMS 0x00000006d2300000, 0x00000006d2300000| Untracked 
| 242|0x00000006d2400000, 0x00000006d2400000, 0x00000006d2500000|  0%| F|  |TAMS 0x00000006d2400000, 0x00000006d2400000| Untracked 
| 243|0x00000006d2500000, 0x00000006d2500000, 0x00000006d2600000|  0%| F|  |TAMS 0x00000006d2500000, 0x00000006d2500000| Untracked 
| 244|0x00000006d2600000, 0x00000006d2600000, 0x00000006d2700000|  0%| F|  |TAMS 0x00000006d2600000, 0x00000006d2600000| Untracked 
| 245|0x00000006d2700000, 0x00000006d2700000, 0x00000006d2800000|  0%| F|  |TAMS 0x00000006d2700000, 0x00000006d2700000| Untracked 
| 246|0x00000006d2800000, 0x00000006d2800000, 0x00000006d2900000|  0%| F|  |TAMS 0x00000006d2800000, 0x00000006d2800000| Untracked 
| 247|0x00000006d2900000, 0x00000006d2900000, 0x00000006d2a00000|  0%| F|  |TAMS 0x00000006d2900000, 0x00000006d2900000| Untracked 
| 248|0x00000006d2a00000, 0x00000006d2a00000, 0x00000006d2b00000|  0%| F|  |TAMS 0x00000006d2a00000, 0x00000006d2a00000| Untracked 
| 249|0x00000006d2b00000, 0x00000006d2b00000, 0x00000006d2c00000|  0%| F|  |TAMS 0x00000006d2b00000, 0x00000006d2b00000| Untracked 
| 250|0x00000006d2c00000, 0x00000006d2c00000, 0x00000006d2d00000|  0%| F|  |TAMS 0x00000006d2c00000, 0x00000006d2c00000| Untracked 
| 251|0x00000006d2d00000, 0x00000006d2d00000, 0x00000006d2e00000|  0%| F|  |TAMS 0x00000006d2d00000, 0x00000006d2d00000| Untracked 
| 252|0x00000006d2e00000, 0x00000006d2e00000, 0x00000006d2f00000|  0%| F|  |TAMS 0x00000006d2e00000, 0x00000006d2e00000| Untracked 
| 253|0x00000006d2f00000, 0x00000006d2f00000, 0x00000006d3000000|  0%| F|  |TAMS 0x00000006d2f00000, 0x00000006d2f00000| Untracked 
| 254|0x00000006d3000000, 0x00000006d3000000, 0x00000006d3100000|  0%| F|  |TAMS 0x00000006d3000000, 0x00000006d3000000| Untracked 
| 255|0x00000006d3100000, 0x00000006d3100000, 0x00000006d3200000|  0%| F|  |TAMS 0x00000006d3100000, 0x00000006d3100000| Untracked 
| 256|0x00000006d3200000, 0x00000006d3200000, 0x00000006d3300000|  0%| F|  |TAMS 0x00000006d3200000, 0x00000006d3200000| Untracked 
| 257|0x00000006d3300000, 0x00000006d3300000, 0x00000006d3400000|  0%| F|  |TAMS 0x00000006d3300000, 0x00000006d3300000| Untracked 
| 258|0x00000006d3400000, 0x00000006d3400000, 0x00000006d3500000|  0%| F|  |TAMS 0x00000006d3400000, 0x00000006d3400000| Untracked 
| 259|0x00000006d3500000, 0x00000006d3500000, 0x00000006d3600000|  0%| F|  |TAMS 0x00000006d3500000, 0x00000006d3500000| Untracked 
| 260|0x00000006d3600000, 0x00000006d3600000, 0x00000006d3700000|  0%| F|  |TAMS 0x00000006d3600000, 0x00000006d3600000| Untracked 
| 261|0x00000006d3700000, 0x00000006d3700000, 0x00000006d3800000|  0%| F|  |TAMS 0x00000006d3700000, 0x00000006d3700000| Untracked 
| 262|0x00000006d3800000, 0x00000006d3800000, 0x00000006d3900000|  0%| F|  |TAMS 0x00000006d3800000, 0x00000006d3800000| Untracked 
| 263|0x00000006d3900000, 0x00000006d3900000, 0x00000006d3a00000|  0%| F|  |TAMS 0x00000006d3900000, 0x00000006d3900000| Untracked 
| 264|0x00000006d3a00000, 0x00000006d3a00000, 0x00000006d3b00000|  0%| F|  |TAMS 0x00000006d3a00000, 0x00000006d3a00000| Untracked 
| 265|0x00000006d3b00000, 0x00000006d3b00000, 0x00000006d3c00000|  0%| F|  |TAMS 0x00000006d3b00000, 0x00000006d3b00000| Untracked 
| 266|0x00000006d3c00000, 0x00000006d3c00000, 0x00000006d3d00000|  0%| F|  |TAMS 0x00000006d3c00000, 0x00000006d3c00000| Untracked 
| 267|0x00000006d3d00000, 0x00000006d3d00000, 0x00000006d3e00000|  0%| F|  |TAMS 0x00000006d3d00000, 0x00000006d3d00000| Untracked 
| 268|0x00000006d3e00000, 0x00000006d3e00000, 0x00000006d3f00000|  0%| F|  |TAMS 0x00000006d3e00000, 0x00000006d3e00000| Untracked 
| 269|0x00000006d3f00000, 0x00000006d3f00000, 0x00000006d4000000|  0%| F|  |TAMS 0x00000006d3f00000, 0x00000006d3f00000| Untracked 
| 270|0x00000006d4000000, 0x00000006d4000000, 0x00000006d4100000|  0%| F|  |TAMS 0x00000006d4000000, 0x00000006d4000000| Untracked 
| 271|0x00000006d4100000, 0x00000006d4100000, 0x00000006d4200000|  0%| F|  |TAMS 0x00000006d4100000, 0x00000006d4100000| Untracked 
| 272|0x00000006d4200000, 0x00000006d4200000, 0x00000006d4300000|  0%| F|  |TAMS 0x00000006d4200000, 0x00000006d4200000| Untracked 
| 273|0x00000006d4300000, 0x00000006d4300000, 0x00000006d4400000|  0%| F|  |TAMS 0x00000006d4300000, 0x00000006d4300000| Untracked 
| 274|0x00000006d4400000, 0x00000006d4400000, 0x00000006d4500000|  0%| F|  |TAMS 0x00000006d4400000, 0x00000006d4400000| Untracked 
| 275|0x00000006d4500000, 0x00000006d4500000, 0x00000006d4600000|  0%| F|  |TAMS 0x00000006d4500000, 0x00000006d4500000| Untracked 
| 276|0x00000006d4600000, 0x00000006d4600000, 0x00000006d4700000|  0%| F|  |TAMS 0x00000006d4600000, 0x00000006d4600000| Untracked 
| 277|0x00000006d4700000, 0x00000006d4700000, 0x00000006d4800000|  0%| F|  |TAMS 0x00000006d4700000, 0x00000006d4700000| Untracked 
| 278|0x00000006d4800000, 0x00000006d4800000, 0x00000006d4900000|  0%| F|  |TAMS 0x00000006d4800000, 0x00000006d4800000| Untracked 
| 279|0x00000006d4900000, 0x00000006d4900000, 0x00000006d4a00000|  0%| F|  |TAMS 0x00000006d4900000, 0x00000006d4900000| Untracked 
| 280|0x00000006d4a00000, 0x00000006d4a00000, 0x00000006d4b00000|  0%| F|  |TAMS 0x00000006d4a00000, 0x00000006d4a00000| Untracked 
| 281|0x00000006d4b00000, 0x00000006d4b00000, 0x00000006d4c00000|  0%| F|  |TAMS 0x00000006d4b00000, 0x00000006d4b00000| Untracked 
| 282|0x00000006d4c00000, 0x00000006d4c00000, 0x00000006d4d00000|  0%| F|  |TAMS 0x00000006d4c00000, 0x00000006d4c00000| Untracked 
| 283|0x00000006d4d00000, 0x00000006d4d00000, 0x00000006d4e00000|  0%| F|  |TAMS 0x00000006d4d00000, 0x00000006d4d00000| Untracked 
| 284|0x00000006d4e00000, 0x00000006d4e00000, 0x00000006d4f00000|  0%| F|  |TAMS 0x00000006d4e00000, 0x00000006d4e00000| Untracked 
| 285|0x00000006d4f00000, 0x00000006d4f00000, 0x00000006d5000000|  0%| F|  |TAMS 0x00000006d4f00000, 0x00000006d4f00000| Untracked 
| 286|0x00000006d5000000, 0x00000006d5000000, 0x00000006d5100000|  0%| F|  |TAMS 0x00000006d5000000, 0x00000006d5000000| Untracked 
| 287|0x00000006d5100000, 0x00000006d5100000, 0x00000006d5200000|  0%| F|  |TAMS 0x00000006d5100000, 0x00000006d5100000| Untracked 
| 288|0x00000006d5200000, 0x00000006d5200000, 0x00000006d5300000|  0%| F|  |TAMS 0x00000006d5200000, 0x00000006d5200000| Untracked 
| 289|0x00000006d5300000, 0x00000006d5300000, 0x00000006d5400000|  0%| F|  |TAMS 0x00000006d5300000, 0x00000006d5300000| Untracked 
| 290|0x00000006d5400000, 0x00000006d5400000, 0x00000006d5500000|  0%| F|  |TAMS 0x00000006d5400000, 0x00000006d5400000| Untracked 
| 291|0x00000006d5500000, 0x00000006d5500000, 0x00000006d5600000|  0%| F|  |TAMS 0x00000006d5500000, 0x00000006d5500000| Untracked 
| 292|0x00000006d5600000, 0x00000006d5600000, 0x00000006d5700000|  0%| F|  |TAMS 0x00000006d5600000, 0x00000006d5600000| Untracked 
| 293|0x00000006d5700000, 0x00000006d5700000, 0x00000006d5800000|  0%| F|  |TAMS 0x00000006d5700000, 0x00000006d5700000| Untracked 
| 294|0x00000006d5800000, 0x00000006d5800000, 0x00000006d5900000|  0%| F|  |TAMS 0x00000006d5800000, 0x00000006d5800000| Untracked 
| 295|0x00000006d5900000, 0x00000006d5900000, 0x00000006d5a00000|  0%| F|  |TAMS 0x00000006d5900000, 0x00000006d5900000| Untracked 
| 296|0x00000006d5a00000, 0x00000006d5a00000, 0x00000006d5b00000|  0%| F|  |TAMS 0x00000006d5a00000, 0x00000006d5a00000| Untracked 
| 297|0x00000006d5b00000, 0x00000006d5b00000, 0x00000006d5c00000|  0%| F|  |TAMS 0x00000006d5b00000, 0x00000006d5b00000| Untracked 
| 298|0x00000006d5c00000, 0x00000006d5c00000, 0x00000006d5d00000|  0%| F|  |TAMS 0x00000006d5c00000, 0x00000006d5c00000| Untracked 
| 299|0x00000006d5d00000, 0x00000006d5d00000, 0x00000006d5e00000|  0%| F|  |TAMS 0x00000006d5d00000, 0x00000006d5d00000| Untracked 
| 300|0x00000006d5e00000, 0x00000006d5e00000, 0x00000006d5f00000|  0%| F|  |TAMS 0x00000006d5e00000, 0x00000006d5e00000| Untracked 
| 301|0x00000006d5f00000, 0x00000006d5f00000, 0x00000006d6000000|  0%| F|  |TAMS 0x00000006d5f00000, 0x00000006d5f00000| Untracked 
| 302|0x00000006d6000000, 0x00000006d6000000, 0x00000006d6100000|  0%| F|  |TAMS 0x00000006d6000000, 0x00000006d6000000| Untracked 
| 303|0x00000006d6100000, 0x00000006d6100000, 0x00000006d6200000|  0%| F|  |TAMS 0x00000006d6100000, 0x00000006d6100000| Untracked 
| 304|0x00000006d6200000, 0x00000006d6200000, 0x00000006d6300000|  0%| F|  |TAMS 0x00000006d6200000, 0x00000006d6200000| Untracked 
| 305|0x00000006d6300000, 0x00000006d6300000, 0x00000006d6400000|  0%| F|  |TAMS 0x00000006d6300000, 0x00000006d6300000| Untracked 
| 306|0x00000006d6400000, 0x00000006d6400000, 0x00000006d6500000|  0%| F|  |TAMS 0x00000006d6400000, 0x00000006d6400000| Untracked 
| 307|0x00000006d6500000, 0x00000006d6500000, 0x00000006d6600000|  0%| F|  |TAMS 0x00000006d6500000, 0x00000006d6500000| Untracked 
| 308|0x00000006d6600000, 0x00000006d6600000, 0x00000006d6700000|  0%| F|  |TAMS 0x00000006d6600000, 0x00000006d6600000| Untracked 
| 309|0x00000006d6700000, 0x00000006d6700000, 0x00000006d6800000|  0%| F|  |TAMS 0x00000006d6700000, 0x00000006d6700000| Untracked 
| 310|0x00000006d6800000, 0x00000006d6800000, 0x00000006d6900000|  0%| F|  |TAMS 0x00000006d6800000, 0x00000006d6800000| Untracked 
| 311|0x00000006d6900000, 0x00000006d6900000, 0x00000006d6a00000|  0%| F|  |TAMS 0x00000006d6900000, 0x00000006d6900000| Untracked 
| 312|0x00000006d6a00000, 0x00000006d6a00000, 0x00000006d6b00000|  0%| F|  |TAMS 0x00000006d6a00000, 0x00000006d6a00000| Untracked 
| 313|0x00000006d6b00000, 0x00000006d6b00000, 0x00000006d6c00000|  0%| F|  |TAMS 0x00000006d6b00000, 0x00000006d6b00000| Untracked 
| 314|0x00000006d6c00000, 0x00000006d6c00000, 0x00000006d6d00000|  0%| F|  |TAMS 0x00000006d6c00000, 0x00000006d6c00000| Untracked 
| 315|0x00000006d6d00000, 0x00000006d6d00000, 0x00000006d6e00000|  0%| F|  |TAMS 0x00000006d6d00000, 0x00000006d6d00000| Untracked 
| 316|0x00000006d6e00000, 0x00000006d6e00000, 0x00000006d6f00000|  0%| F|  |TAMS 0x00000006d6e00000, 0x00000006d6e00000| Untracked 
| 317|0x00000006d6f00000, 0x00000006d6f00000, 0x00000006d7000000|  0%| F|  |TAMS 0x00000006d6f00000, 0x00000006d6f00000| Untracked 

Card table byte_map: [0x0000027fc6c10000,0x0000027fc7600000] _byte_map_base: 0x0000027fc35f7000

Marking Bits (Prev, Next): (CMBitMap*) 0x0000027fae7ec460, (CMBitMap*) 0x0000027fae7ec428
 Prev Bits: [0x0000027fccf30000, 0x0000027fd1e68000)
 Next Bits: [0x0000027fc7ff0000, 0x0000027fccf28000)

Polling page: 0x0000027fac750000

Metaspace:

Usage:
  Non-class:     30.49 MB capacity,    29.95 MB ( 98%) used,   435.45 KB (  1%) free+waste,   118.75 KB ( <1%) overhead. 
      Class:      4.44 MB capacity,     4.01 MB ( 90%) used,   382.52 KB (  8%) free+waste,    58.00 KB (  1%) overhead. 
       Both:     34.93 MB capacity,    33.96 MB ( 97%) used,   817.98 KB (  2%) free+waste,   176.75 KB ( <1%) overhead. 

Virtual space:
  Non-class space:       32.00 MB reserved,      30.50 MB ( 95%) committed 
      Class space:        1.00 GB reserved,       4.50 MB ( <1%) committed 
             Both:        1.03 GB reserved,      35.00 MB (  3%) committed 

Chunk freelists:
   Non-Class:  13.00 KB
       Class:  29.00 KB
        Both:  42.00 KB

MaxMetaspaceSize: 17179869184.00 GB
CompressedClassSpaceSize: 1.00 GB
Initial GC threshold: 20.80 MB
Current GC threshold: 35.00 MB
CDS: off

CodeHeap 'non-profiled nmethods': size=120000Kb used=2513Kb max_used=2513Kb free=117486Kb
 bounds [0x0000027fbe9c0000, 0x0000027fbec40000, 0x0000027fc5ef0000]
CodeHeap 'profiled nmethods': size=120000Kb used=7730Kb max_used=7730Kb free=112269Kb
 bounds [0x0000027fb7490000, 0x0000027fb7c20000, 0x0000027fbe9c0000]
CodeHeap 'non-nmethods': size=5760Kb used=1207Kb max_used=1269Kb free=4552Kb
 bounds [0x0000027fb6ef0000, 0x0000027fb7160000, 0x0000027fb7490000]
 total_blobs=3991 nmethods=3529 adapters=374
 compilation: enabled
              stopped_count=0, restarted_count=0
 full_count=0

Compilation events (20 events):
Event: 4.869 Thread 0x0000027fd5341800 3552       3       java.lang.reflect.Method::isBridge (16 bytes)
Event: 4.870 Thread 0x0000027fd5341800 nmethod 3552 0x0000027fb7c11390 code [0x0000027fb7c11540, 0x0000027fb7c116b8]
Event: 4.880 Thread 0x0000027fd5341800 3553       3       org.springframework.core.type.AnnotatedTypeMetadata::getAnnotationAttributes (9 bytes)
Event: 4.880 Thread 0x0000027fd5341800 nmethod 3553 0x0000027fb7c11790 code [0x0000027fb7c11940, 0x0000027fb7c11b08]
Event: 4.886 Thread 0x0000027fd5341800 3554       1       jdk.internal.reflect.DelegatingMethodAccessorImpl::setDelegate (6 bytes)
Event: 4.887 Thread 0x0000027fd5341800 nmethod 3554 0x0000027fbec33f10 code [0x0000027fbec340c0, 0x0000027fbec341d8]
Event: 4.890 Thread 0x0000027fd5341800 3555   !   3       com.sun.proxy.$Proxy40::annotationType (29 bytes)
Event: 4.891 Thread 0x0000027fd5341800 nmethod 3555 0x0000027fb7c11b90 code [0x0000027fb7c11d80, 0x0000027fb7c12198]
Event: 4.892 Thread 0x0000027fd5341800 3556       3       org.springframework.beans.factory.support.AbstractBeanFactory::isTypeMatch (607 bytes)
Event: 4.895 Thread 0x0000027fd5341800 nmethod 3556 0x0000027fb7c12390 code [0x0000027fb7c12960, 0x0000027fb7c173b8]
Event: 4.895 Thread 0x0000027fd5341800 3558       3       org.springframework.core.ResolvableType::hasGenerics (14 bytes)
Event: 4.895 Thread 0x0000027fd5341800 nmethod 3558 0x0000027fb7c18390 code [0x0000027fb7c18560, 0x0000027fb7c18788]
Event: 4.895 Thread 0x0000027fd5341800 3560       3       org.springframework.beans.BeanMetadataAttributeAccessor::getAttribute (22 bytes)
Event: 4.895 Thread 0x0000027fd5341800 nmethod 3560 0x0000027fb7c18890 code [0x0000027fb7c18a80, 0x0000027fb7c18fb8]
Event: 4.895 Thread 0x0000027fd5341800 3561       3       org.springframework.core.AttributeAccessorSupport::getAttribute (17 bytes)
Event: 4.895 Thread 0x0000027fd5341800 nmethod 3561 0x0000027fb7c19190 code [0x0000027fb7c19360, 0x0000027fb7c19698]
Event: 4.895 Thread 0x0000027fd5341800 3557       3       org.springframework.util.ObjectUtils::arrayEquals (290 bytes)
Event: 4.896 Thread 0x0000027fd5341800 nmethod 3557 0x0000027fb7c19810 code [0x0000027fb7c19bc0, 0x0000027fb7c1c708]
Event: 4.896 Thread 0x0000027fd5341800 3559       1       org.springframework.beans.BeanMetadataAttribute::getValue (5 bytes)
Event: 4.896 Thread 0x0000027fd5341800 nmethod 3559 0x0000027fbec34290 code [0x0000027fbec34440, 0x0000027fbec344f8]

GC Heap History (11 events):
Event: 0.783 GC heap before
{Heap before GC invocations=0 (full 0):
 garbage-first heap   total 325632K, used 24576K [0x00000006c3200000, 0x0000000800000000)
  region size 1024K, 24 young (24576K), 0 survivors (0K)
 Metaspace       used 12719K, capacity 13096K, committed 13312K, reserved 1060864K
  class space    used 1266K, capacity 1444K, committed 1536K, reserved 1048576K
}
Event: 0.787 GC heap after
{Heap after GC invocations=1 (full 0):
 garbage-first heap   total 325632K, used 7570K [0x00000006c3200000, 0x0000000800000000)
  region size 1024K, 3 young (3072K), 3 survivors (3072K)
 Metaspace       used 12719K, capacity 13096K, committed 13312K, reserved 1060864K
  class space    used 1266K, capacity 1444K, committed 1536K, reserved 1048576K
}
Event: 1.542 GC heap before
{Heap before GC invocations=1 (full 0):
 garbage-first heap   total 325632K, used 48530K [0x00000006c3200000, 0x0000000800000000)
  region size 1024K, 44 young (45056K), 3 survivors (3072K)
 Metaspace       used 20624K, capacity 21195K, committed 21504K, reserved 1069056K
  class space    used 2246K, capacity 2492K, committed 2560K, reserved 1048576K
}
Event: 1.549 GC heap after
{Heap after GC invocations=2 (full 0):
 garbage-first heap   total 325632K, used 9817K [0x00000006c3200000, 0x0000000800000000)
  region size 1024K, 6 young (6144K), 6 survivors (6144K)
 Metaspace       used 20624K, capacity 21195K, committed 21504K, reserved 1069056K
  class space    used 2246K, capacity 2492K, committed 2560K, reserved 1048576K
}
Event: 1.945 GC heap before
{Heap before GC invocations=3 (full 0):
 garbage-first heap   total 325632K, used 44633K [0x00000006c3200000, 0x0000000800000000)
  region size 1024K, 40 young (40960K), 6 survivors (6144K)
 Metaspace       used 25322K, capacity 26024K, committed 26112K, reserved 1073152K
  class space    used 2999K, capacity 3290K, committed 3328K, reserved 1048576K
}
Event: 1.951 GC heap after
{Heap after GC invocations=4 (full 0):
 garbage-first heap   total 325632K, used 10771K [0x00000006c3200000, 0x0000000800000000)
  region size 1024K, 4 young (4096K), 4 survivors (4096K)
 Metaspace       used 25322K, capacity 26024K, committed 26112K, reserved 1073152K
  class space    used 2999K, capacity 3290K, committed 3328K, reserved 1048576K
}
Event: 2.450 GC heap before
{Heap before GC invocations=4 (full 0):
 garbage-first heap   total 325632K, used 75283K [0x00000006c3200000, 0x0000000800000000)
  region size 1024K, 68 young (69632K), 4 survivors (4096K)
 Metaspace       used 29878K, capacity 30741K, committed 30976K, reserved 1077248K
  class space    used 3502K, capacity 3827K, committed 3840K, reserved 1048576K
}
Event: 2.455 GC heap after
{Heap after GC invocations=5 (full 0):
 garbage-first heap   total 325632K, used 12665K [0x00000006c3200000, 0x0000000800000000)
  region size 1024K, 5 young (5120K), 5 survivors (5120K)
 Metaspace       used 29878K, capacity 30741K, committed 30976K, reserved 1077248K
  class space    used 3502K, capacity 3827K, committed 3840K, reserved 1048576K
}
Event: 3.624 GC heap before
{Heap before GC invocations=5 (full 0):
 garbage-first heap   total 325632K, used 202105K [0x00000006c3200000, 0x0000000800000000)
  region size 1024K, 190 young (194560K), 5 survivors (5120K)
 Metaspace       used 31368K, capacity 32279K, committed 32512K, reserved 1077248K
  class space    used 3656K, capacity 3994K, committed 4096K, reserved 1048576K
}
Event: 3.632 GC heap after
{Heap after GC invocations=6 (full 0):
 garbage-first heap   total 325632K, used 17975K [0x00000006c3200000, 0x0000000800000000)
  region size 1024K, 11 young (11264K), 11 survivors (11264K)
 Metaspace       used 31368K, capacity 32279K, committed 32512K, reserved 1077248K
  class space    used 3656K, capacity 3994K, committed 4096K, reserved 1048576K
}
Event: 4.914 GC heap before
{Heap before GC invocations=6 (full 0):
 garbage-first heap   total 325632K, used 177719K [0x00000006c3200000, 0x0000000800000000)
  region size 1024K, 169 young (173056K), 11 survivors (11264K)
 Metaspace       used 34771K, capacity 35766K, committed 35840K, reserved 1081344K
  class space    used 4106K, capacity 4547K, committed 4608K, reserved 1048576K
}

Deoptimization events (20 events):
Event: 4.655 Thread 0x0000027fae776800 DEOPT PACKING pc=0x0000027fbec20600 sp=0x0000008e985fb940
Event: 4.656 Thread 0x0000027fae776800 DEOPT UNPACKING pc=0x0000027fb6ef85af sp=0x0000008e985fb710 mode 2
Event: 4.677 Thread 0x0000027fae776800 DEOPT PACKING pc=0x0000027fb7a4f844 sp=0x0000008e985fb540
Event: 4.677 Thread 0x0000027fae776800 DEOPT UNPACKING pc=0x0000027fb6f39d0e sp=0x0000008e985faaa8 mode 0
Event: 4.681 Thread 0x0000027fae776800 Uncommon trap: trap_request=0xffffffde fr.pc=0x0000027fbebb0830 relative=0x0000000000000830
Event: 4.681 Thread 0x0000027fae776800 Uncommon trap: reason=class_check action=maybe_recompile pc=0x0000027fbebb0830 method=org.springframework.util.ConcurrentReferenceHashMap$Segment.findInChain(Lorg/springframework/util/ConcurrentReferenceHashMap$Reference;Ljava/lang/Object;I)Lorg/springfra
Event: 4.681 Thread 0x0000027fae776800 DEOPT PACKING pc=0x0000027fbebb0830 sp=0x0000008e985fc220
Event: 4.681 Thread 0x0000027fae776800 DEOPT UNPACKING pc=0x0000027fb6ef85af sp=0x0000008e985fc058 mode 2
Event: 4.711 Thread 0x0000027fae776800 Uncommon trap: trap_request=0xffffff4d fr.pc=0x0000027fbebd000c relative=0x00000000000001cc
Event: 4.711 Thread 0x0000027fae776800 Uncommon trap: reason=unstable_if action=reinterpret pc=0x0000027fbebd000c method=java.util.LinkedList$ListItr.<init>(Ljava/util/LinkedList;I)V @ 26 c2
Event: 4.711 Thread 0x0000027fae776800 DEOPT PACKING pc=0x0000027fbebd000c sp=0x0000008e985fba80
Event: 4.711 Thread 0x0000027fae776800 DEOPT UNPACKING pc=0x0000027fb6ef85af sp=0x0000008e985fb8f8 mode 2
Event: 4.888 Thread 0x0000027fae776800 Uncommon trap: trap_request=0xffffff4d fr.pc=0x0000027fbeb56ed8 relative=0x00000000000000d8
Event: 4.888 Thread 0x0000027fae776800 Uncommon trap: reason=unstable_if action=reinterpret pc=0x0000027fbeb56ed8 method=org.springframework.core.type.classreading.SimpleAnnotationMetadata.getAnnotatedMethods(Ljava/lang/String;)Ljava/util/Set; @ 67 c2
Event: 4.888 Thread 0x0000027fae776800 DEOPT PACKING pc=0x0000027fbeb56ed8 sp=0x0000008e985fc7d0
Event: 4.888 Thread 0x0000027fae776800 DEOPT UNPACKING pc=0x0000027fb6ef85af sp=0x0000008e985fc710 mode 2
Event: 4.892 Thread 0x0000027fae776800 Uncommon trap: trap_request=0xffffff4d fr.pc=0x0000027fbebd88f0 relative=0x00000000000030f0
Event: 4.892 Thread 0x0000027fae776800 Uncommon trap: reason=unstable_if action=reinterpret pc=0x0000027fbebd88f0 method=org.springframework.beans.factory.support.AbstractBeanFactory.isTypeMatch(Ljava/lang/String;Lorg/springframework/core/ResolvableType;Z)Z @ 99 c2
Event: 4.892 Thread 0x0000027fae776800 DEOPT PACKING pc=0x0000027fbebd88f0 sp=0x0000008e985fc7d0
Event: 4.892 Thread 0x0000027fae776800 DEOPT UNPACKING pc=0x0000027fb6ef85af sp=0x0000008e985fc778 mode 2

Classes redefined (0 events):
No events

Internal exceptions (20 events):
Event: 1.893 Thread 0x0000027fae776800 Exception <a 'java/lang/ClassNotFoundException'{0x00000006d536ddd0}: org/springframework/core/PriorityOrderedCustomizer> (0x00000006d536ddd0) thrown at [./src/hotspot/share/classfile/systemDictionary.cpp, line 230]
Event: 1.893 Thread 0x0000027fae776800 Exception <a 'java/lang/ClassNotFoundException'{0x00000006d537e218}: org/springframework/core/OrderedCustomizer> (0x00000006d537e218) thrown at [./src/hotspot/share/classfile/systemDictionary.cpp, line 230]
Event: 1.894 Thread 0x0000027fae776800 Exception <a 'java/lang/ClassNotFoundException'{0x00000006d5391648}: org/springframework/context/ResourceLoaderAwareCustomizer> (0x00000006d5391648) thrown at [./src/hotspot/share/classfile/systemDictionary.cpp, line 230]
Event: 1.895 Thread 0x0000027fae776800 Exception <a 'java/lang/ClassNotFoundException'{0x00000006d53a39a0}: org/springframework/beans/factory/AwareCustomizer> (0x00000006d53a39a0) thrown at [./src/hotspot/share/classfile/systemDictionary.cpp, line 230]
Event: 1.896 Thread 0x0000027fae776800 Exception <a 'java/lang/ClassNotFoundException'{0x00000006d53fe790}: org/springframework/beans/factory/BeanClassLoaderAwareCustomizer> (0x00000006d53fe790) thrown at [./src/hotspot/share/classfile/systemDictionary.cpp, line 230]
Event: 1.897 Thread 0x0000027fae776800 Exception <a 'java/lang/ClassNotFoundException'{0x00000006d5210f80}: org/springframework/beans/factory/AwareCustomizer> (0x00000006d5210f80) thrown at [./src/hotspot/share/classfile/systemDictionary.cpp, line 230]
Event: 1.898 Thread 0x0000027fae776800 Exception <a 'java/lang/ClassNotFoundException'{0x00000006d52231c8}: org/springframework/context/EnvironmentAwareCustomizer> (0x00000006d52231c8) thrown at [./src/hotspot/share/classfile/systemDictionary.cpp, line 230]
Event: 1.899 Thread 0x0000027fae776800 Exception <a 'java/lang/ClassNotFoundException'{0x00000006d5235488}: org/springframework/beans/factory/AwareCustomizer> (0x00000006d5235488) thrown at [./src/hotspot/share/classfile/systemDictionary.cpp, line 230]
Event: 2.019 Thread 0x0000027fd79ce000 Exception <a 'java/lang/NoSuchMethodError'{0x00000006d5f62b00}: 'java.lang.Object java.lang.invoke.DirectMethodHandle$Holder.invokeStaticInit(java.lang.Object, java.lang.Object, java.lang.Object, java.lang.Object, java.lang.Object)'> (0x00000006d5f62b00) thrown at [./src/hotspot/share/interpreter/linkResolver.cpp, line 773]
Event: 2.030 Thread 0x0000027fd79ce000 Exception <a 'java/lang/NoSuchMethodError'{0x00000006d5e65f98}: 'java.lang.Object java.lang.invoke.DirectMethodHandle$Holder.invokeSpecial(java.lang.Object, java.lang.Object, int, int, java.lang.Object, java.lang.Object, java.lang.Object)'> (0x00000006d5e65f98) thrown at [./src/hotspot/share/interpreter/linkResolver.cpp, line 773]
Event: 2.030 Thread 0x0000027fd79ce000 Exception <a 'java/lang/NoSuchMethodError'{0x00000006d5e69ab0}: 'java.lang.Object java.lang.invoke.DelegatingMethodHandle$Holder.reinvoke_L(java.lang.Object, int, int, java.lang.Object, java.lang.Object, java.lang.Object)'> (0x00000006d5e69ab0) thrown at [./src/hotspot/share/interpreter/linkResolver.cpp, line 773]
Event: 2.031 Thread 0x0000027fd79ce000 Exception <a 'java/lang/NoSuchMethodError'{0x00000006d5e6d990}: 'java.lang.Object java.lang.invoke.DirectMethodHandle$Holder.invokeStatic(java.lang.Object, java.lang.Object, java.lang.Object, java.lang.Object, int)'> (0x00000006d5e6d990) thrown at [./src/hotspot/share/interpreter/linkResolver.cpp, line 773]
Event: 2.376 Thread 0x0000027fd79ce000 Exception <a 'java/lang/NoSuchMethodError'{0x00000006d34106b0}: 'long java.lang.invoke.DirectMethodHandle$Holder.invokeSpecial(java.lang.Object, java.lang.Object)'> (0x00000006d34106b0) thrown at [./src/hotspot/share/interpreter/linkResolver.cpp, line 773]
Event: 2.379 Thread 0x0000027fd79ce000 Exception <a 'java/lang/NoSuchMethodError'{0x00000006d341aa00}: 'long java.lang.invoke.DirectMethodHandle$Holder.invokeStatic(java.lang.Object, java.lang.Object)'> (0x00000006d341aa00) thrown at [./src/hotspot/share/interpreter/linkResolver.cpp, line 773]
Event: 2.379 Thread 0x0000027fd79ce000 Exception <a 'java/lang/NoSuchMethodError'{0x00000006d341d828}: 'long java.lang.invoke.DirectMethodHandle$Holder.invokeStaticInit(java.lang.Object, java.lang.Object)'> (0x00000006d341d828) thrown at [./src/hotspot/share/interpreter/linkResolver.cpp, line 773]
Event: 2.383 Thread 0x0000027fd79ce000 Exception <a 'java/lang/NoSuchMethodError'{0x00000006d3429ce8}: 'long java.lang.invoke.DirectMethodHandle$Holder.invokeInterface(java.lang.Object, java.lang.Object)'> (0x00000006d3429ce8) thrown at [./src/hotspot/share/interpreter/linkResolver.cpp, line 773]
Event: 2.383 Thread 0x0000027fd79ce000 Exception <a 'java/lang/IncompatibleClassChangeError'{0x00000006d342ca80}: Found class java.lang.Object, but interface was expected> (0x00000006d342ca80) thrown at [./src/hotspot/share/interpreter/linkResolver.cpp, line 839]
Event: 2.407 Thread 0x0000027fd79ce000 Exception <a 'java/lang/NoSuchMethodError'{0x00000006d3250b50}: 'java.lang.Object java.lang.invoke.DirectMethodHandle$Holder.invokeVirtual(java.lang.Object, java.lang.Object, java.lang.Object, java.lang.Object)'> (0x00000006d3250b50) thrown at [./src/hotspot/share/interpreter/linkResolver.cpp, line 773]
Event: 3.497 Thread 0x0000027fae776800 Exception <a 'java/lang/IncompatibleClassChangeError'{0x00000006cb9aeef8}: Found class java.lang.Object, but interface was expected> (0x00000006cb9aeef8) thrown at [./src/hotspot/share/interpreter/linkResolver.cpp, line 839]
Event: 4.719 Thread 0x0000027fae776800 Exception <a 'java/lang/NoSuchMethodError'{0x00000006cdb345c8}: 'java.lang.Object java.lang.invoke.DirectMethodHandle$Holder.invokeSpecialIFC(java.lang.Object, java.lang.Object, java.lang.Object)'> (0x00000006cdb345c8) thrown at [./src/hotspot/share/interpreter/linkResolver.cpp, line 773]

Events (20 events):
Event: 4.911 loading class org/springframework/cglib/core/KeyFactory$1 done
Event: 4.911 loading class org/springframework/cglib/core/KeyFactory$2
Event: 4.911 loading class org/springframework/cglib/core/KeyFactory$2 done
Event: 4.911 loading class org/springframework/cglib/core/KeyFactory$3
Event: 4.911 loading class org/springframework/cglib/core/KeyFactory$3 done
Event: 4.911 loading class org/springframework/cglib/core/KeyFactory$4
Event: 4.911 loading class org/springframework/cglib/core/KeyFactory$4 done
Event: 4.911 loading class org/springframework/cglib/core/KeyFactory$Generator
Event: 4.911 loading class org/springframework/cglib/core/KeyFactory$Generator done
Event: 4.912 loading class org/springframework/cglib/core/DefaultGeneratorStrategy
Event: 4.912 loading class org/springframework/cglib/core/DefaultGeneratorStrategy done
Event: 4.912 loading class org/springframework/cglib/core/DebuggingClassWriter
Event: 4.912 loading class org/springframework/cglib/core/DebuggingClassWriter done
Event: 4.912 loading class org/springframework/cglib/core/DefaultNamingPolicy
Event: 4.912 loading class org/springframework/cglib/core/DefaultNamingPolicy done
Event: 4.913 loading class org/springframework/cglib/core/internal/CustomizerRegistry
Event: 4.913 loading class org/springframework/cglib/core/internal/CustomizerRegistry done
Event: 4.913 loading class org/springframework/cglib/core/AbstractClassGenerator$ClassLoaderData
Event: 4.913 loading class org/springframework/cglib/core/AbstractClassGenerator$ClassLoaderData done
Event: 4.914 Executing VM operation: CollectForMetadataAllocation


Dynamic libraries:
0x00007ff70ecd0000 - 0x00007ff70ecdd000 	C:\Users\Dhinesh Kannan\.jdks\corretto-11.0.17\bin\java.exe
0x00007ffa41890000 - 0x00007ffa41aa4000 	C:\WINDOWS\SYSTEM32\ntdll.dll
0x00007ffa402e0000 - 0x00007ffa403a2000 	C:\WINDOWS\System32\KERNEL32.DLL
0x00007ffa3ef40000 - 0x00007ffa3f2e3000 	C:\WINDOWS\System32\KERNELBASE.dll
0x00007ffa3ee20000 - 0x00007ffa3ef31000 	C:\WINDOWS\System32\ucrtbase.dll
0x00007ffa1b240000 - 0x00007ffa1b257000 	C:\Users\Dhinesh Kannan\.jdks\corretto-11.0.17\bin\jli.dll
0x00007ffa40130000 - 0x00007ffa402db000 	C:\WINDOWS\System32\USER32.dll
0x00007ffa1f230000 - 0x00007ffa1f249000 	C:\Users\Dhinesh Kannan\.jdks\corretto-11.0.17\bin\VCRUNTIME140.dll
0x00007ffa35af0000 - 0x00007ffa35d7e000 	C:\WINDOWS\WinSxS\amd64_microsoft.windows.common-controls_6595b64144ccf1df_6.0.22621.1635_none_270f70857386168e\COMCTL32.dll
0x00007ffa3f2f0000 - 0x00007ffa3f316000 	C:\WINDOWS\System32\win32u.dll
0x00007ffa3f8b0000 - 0x00007ffa3f8d9000 	C:\WINDOWS\System32\GDI32.dll
0x00007ffa3f8e0000 - 0x00007ffa3f987000 	C:\WINDOWS\System32\msvcrt.dll
0x00007ffa3f3a0000 - 0x00007ffa3f4b8000 	C:\WINDOWS\System32\gdi32full.dll
0x00007ffa3f4c0000 - 0x00007ffa3f55a000 	C:\WINDOWS\System32\msvcp_win.dll
0x00007ffa3fb70000 - 0x00007ffa3fba1000 	C:\WINDOWS\System32\IMM32.DLL
0x00007ffa1b1a0000 - 0x00007ffa1b23b000 	C:\Users\Dhinesh Kannan\.jdks\corretto-11.0.17\bin\msvcp140.dll
0x00007ff9d7710000 - 0x00007ff9d8295000 	C:\Users\Dhinesh Kannan\.jdks\corretto-11.0.17\bin\server\jvm.dll
0x00007ffa41740000 - 0x00007ffa417ee000 	C:\WINDOWS\System32\ADVAPI32.dll
0x00007ffa3f990000 - 0x00007ffa3fa34000 	C:\WINDOWS\System32\sechost.dll
0x00007ffa3fa40000 - 0x00007ffa3fb57000 	C:\WINDOWS\System32\RPCRT4.dll
0x00007ffa3fb60000 - 0x00007ffa3fb68000 	C:\WINDOWS\System32\PSAPI.DLL
0x00007ffa39a40000 - 0x00007ffa39a4a000 	C:\WINDOWS\SYSTEM32\VERSION.dll
0x00007ffa38ba0000 - 0x00007ffa38bd4000 	C:\WINDOWS\SYSTEM32\WINMM.dll
0x00007ffa3bc20000 - 0x00007ffa3bc29000 	C:\WINDOWS\SYSTEM32\WSOCK32.dll
0x00007ffa41110000 - 0x00007ffa41181000 	C:\WINDOWS\System32\WS2_32.dll
0x00007ffa3dd00000 - 0x00007ffa3dd18000 	C:\WINDOWS\SYSTEM32\kernel.appcore.dll
0x00007ffa2fb00000 - 0x00007ffa2fb10000 	C:\Users\Dhinesh Kannan\.jdks\corretto-11.0.17\bin\verify.dll
0x00007ffa3c850000 - 0x00007ffa3ca7e000 	C:\WINDOWS\SYSTEM32\DBGHELP.DLL
0x00007ffa41340000 - 0x00007ffa416c9000 	C:\WINDOWS\System32\combase.dll
0x00007ffa3fbb0000 - 0x00007ffa3fc87000 	C:\WINDOWS\System32\OLEAUT32.dll
0x00007ffa38340000 - 0x00007ffa38372000 	C:\WINDOWS\SYSTEM32\dbgcore.DLL
0x00007ffa3f320000 - 0x00007ffa3f39b000 	C:\WINDOWS\System32\bcryptPrimitives.dll
0x00007ffa1b170000 - 0x00007ffa1b198000 	C:\Users\Dhinesh Kannan\.jdks\corretto-11.0.17\bin\java.dll
0x00007ffa29cb0000 - 0x00007ffa29cba000 	C:\Users\Dhinesh Kannan\.jdks\corretto-11.0.17\bin\jimage.dll
0x00007ffa1ab00000 - 0x00007ffa1ab18000 	C:\Users\Dhinesh Kannan\.jdks\corretto-11.0.17\bin\zip.dll
0x00007ffa405c0000 - 0x00007ffa40dba000 	C:\WINDOWS\System32\SHELL32.dll
0x00007ffa3ccb0000 - 0x00007ffa3d57e000 	C:\WINDOWS\SYSTEM32\windows.storage.dll
0x00007ffa3cb70000 - 0x00007ffa3ccae000 	C:\WINDOWS\SYSTEM32\wintypes.dll
0x00007ffa403b0000 - 0x00007ffa404a1000 	C:\WINDOWS\System32\SHCORE.dll
0x00007ffa417f0000 - 0x00007ffa4184e000 	C:\WINDOWS\System32\shlwapi.dll
0x00007ffa3ebe0000 - 0x00007ffa3ec01000 	C:\WINDOWS\SYSTEM32\profapi.dll
0x00007ffa1a8c0000 - 0x00007ffa1a8d9000 	C:\Users\Dhinesh Kannan\.jdks\corretto-11.0.17\bin\net.dll
0x00007ffa38460000 - 0x00007ffa38597000 	C:\WINDOWS\SYSTEM32\WINHTTP.dll
0x00007ffa3e170000 - 0x00007ffa3e1d9000 	C:\WINDOWS\system32\mswsock.dll
0x00007ffa1a8a0000 - 0x00007ffa1a8b3000 	C:\Users\Dhinesh Kannan\.jdks\corretto-11.0.17\bin\nio.dll
0x00007ffa1b900000 - 0x00007ffa1b909000 	C:\Users\Dhinesh Kannan\.jdks\corretto-11.0.17\bin\management.dll
0x00007ffa1aaf0000 - 0x00007ffa1aafb000 	C:\Users\Dhinesh Kannan\.jdks\corretto-11.0.17\bin\management_ext.dll
0x00007ffa21e70000 - 0x00007ffa21e87000 	C:\WINDOWS\system32\napinsp.dll
0x00007ffa21e50000 - 0x00007ffa21e6b000 	C:\WINDOWS\system32\pnrpnsp.dll
0x00007ffa3d850000 - 0x00007ffa3d943000 	C:\WINDOWS\SYSTEM32\DNSAPI.dll
0x00007ffa3d7e0000 - 0x00007ffa3d80d000 	C:\WINDOWS\SYSTEM32\IPHLPAPI.DLL
0x00007ffa3fc90000 - 0x00007ffa3fc99000 	C:\WINDOWS\System32\NSI.dll
0x00007ffa21dd0000 - 0x00007ffa21de1000 	C:\WINDOWS\System32\winrnr.dll
0x00007ffa21db0000 - 0x00007ffa21dc5000 	C:\WINDOWS\system32\wshbth.dll
0x00007ffa21d80000 - 0x00007ffa21da1000 	C:\WINDOWS\system32\nlansp_c.dll
0x00007ffa2dea0000 - 0x00007ffa2deaa000 	C:\Windows\System32\rasadhlp.dll
0x00007ffa37000000 - 0x00007ffa37084000 	C:\WINDOWS\System32\fwpuclnt.dll

dbghelp: loaded successfully - version: 4.0.5 - missing functions: none
symbol engine: initialized successfully - sym options: 0x614 - pdb path: .;C:\Users\Dhinesh Kannan\.jdks\corretto-11.0.17\bin;C:\WINDOWS\SYSTEM32;C:\WINDOWS\WinSxS\amd64_microsoft.windows.common-controls_6595b64144ccf1df_6.0.22621.1635_none_270f70857386168e;C:\Users\Dhinesh Kannan\.jdks\corretto-11.0.17\bin\server

VM Arguments:
java_command: C:\Users\DHINES~1\AppData\Local\Temp\surefire16915687458684494738\surefirebooter2589562735691760834.jar C:\Users\Dhinesh Kannan\AppData\Local\Temp\surefire16915687458684494738 2023-10-26T19-59-32_433-jvmRun1 surefire2026138747817968858tmp surefire_014011089007890167788tmp
java_class_path (initial): C:\Users\DHINES~1\AppData\Local\Temp\surefire16915687458684494738\surefirebooter2589562735691760834.jar
Launcher Type: SUN_STANDARD

[Global flags]
     intx CICompilerCount                          = 4                                         {product} {ergonomic}
     uint ConcGCThreads                            = 2                                         {product} {ergonomic}
     uint G1ConcRefinementThreads                  = 8                                         {product} {ergonomic}
   size_t G1HeapRegionSize                         = 1048576                                   {product} {ergonomic}
    uintx GCDrainStackTargetSize                   = 64                                        {product} {ergonomic}
   size_t InitialHeapSize                          = 333447168                                 {product} {ergonomic}
   size_t MarkStackSize                            = 4194304                                   {product} {ergonomic}
   size_t MaxHeapSize                              = 5316280320                                {product} {ergonomic}
   size_t MaxNewSize                               = 3189768192                                {product} {ergonomic}
   size_t MinHeapDeltaBytes                        = 1048576                                   {product} {ergonomic}
    uintx NonNMethodCodeHeapSize                   = 5836300                                {pd product} {ergonomic}
    uintx NonProfiledCodeHeapSize                  = 122910970                              {pd product} {ergonomic}
    uintx ProfiledCodeHeapSize                     = 122910970                              {pd product} {ergonomic}
    uintx ReservedCodeCacheSize                    = 251658240                              {pd product} {ergonomic}
     bool SegmentedCodeCache                       = true                                      {product} {ergonomic}
     bool UseCompressedClassPointers               = true                                 {lp64_product} {ergonomic}
     bool UseCompressedOops                        = true                                 {lp64_product} {ergonomic}
     bool UseG1GC                                  = true                                      {product} {ergonomic}
     bool UseLargePagesIndividualAllocation        = false                                  {pd product} {ergonomic}

Logging:
Log output configuration:
 #0: stdout all=warning uptime,level,tags
 #1: stderr all=off uptime,level,tags

Environment Variables:
PATH=C:\oraclexe\app\oracle\product\10.2.0\server\bin;C:\Program Files\Common Files\Oracle\Java\javapath;C:\WINDOWS\system32;C:\WINDOWS;C:\WINDOWS\System32\Wbem;C:\WINDOWS\System32\WindowsPowerShell\v1.0\;C:\WINDOWS\System32\OpenSSH\;%MAVEN_HOME%\bin;C:\Users\Dhinesh Kannan\Downloads\apache-maven-3.6.3-bin\apache-maven-3.6.3\bin;C:\Program Files\Java\jdk-11.0.14\bin;D:\maven\apache-maven-3.8.5\bin;C:\Program Files\Git\cmd;C:\Program Files (x86)\Gpg4win\..\GnuPG\bin;C:\Program Files\nodejs\;C:\Users\Dhinesh Kannan\gradle-8.0.2-bin\gradle-8.0.2\bin;C:\kotlinc\bin;C:\Program Files\MySQL\MySQL Shell 8.0\bin\;C:\Users\Dhinesh Kannan\AppData\Local\Microsoft\WindowsApps;;C:\Program Files\JetBrains\IntelliJ IDEA Community Edition 2022.2.3\bin;;C:\Users\Dhinesh Kannan\AppData\Local\Programs\Microsoft VS Code\bin;C:\Users\Dhinesh Kannan\AppData\Roaming\npm
USERNAME=Dhinesh Kannan
OS=Windows_NT
PROCESSOR_IDENTIFIER=Intel64 Family 6 Model 126 Stepping 5, GenuineIntel
TMP=C:\Users\DHINES~1\AppData\Local\Temp
TEMP=C:\Users\DHINES~1\AppData\Local\Temp



---------------  S Y S T E M  ---------------

OS: Windows 11 , 64 bit Build 22621 (10.0.22621.1635)
OS uptime: 7 days 8:45 hours

CPU:total 8 (initial active 8) (4 cores per cpu, 2 threads per core) family 6 model 126 stepping 5 microcode 0x86, cmov, cx8, fxsr, mmx, sse, sse2, sse3, ssse3, sse4.1, sse4.2, popcnt, avx, avx2, aes, clmul, erms, 3dnowpref, lzcnt, ht, tsc, tscinvbit, bmi1, bmi2, adx, evex, sha, fma

Memory: 4k page, system-wide physical 20275M (5745M free)
TotalPageFile size 24766M (AvailPageFile size 47M)
current process WorkingSet (physical memory assigned to process): 454M, peak: 456M
current process commit charge ("private bytes"): 621M, peak: 687M

vm_info: OpenJDK 64-Bit Server VM (11.0.17+8-LTS) for windows-amd64 JRE (11.0.17+8-LTS), built on Oct 14 2022 18:02:01 by "Administrator" with MS VC++ 15.9 (VS2017)

END.
